Nov 11, 2017 2:57:16 PM org.apache.catalina.startup.Catalina initDirs
SEVERE: Cannot find specified temporary folder at /home/c2-4/codebase/cloud_code/apache-tomcat-7.0.81/temp
Nov 11, 2017 2:57:16 PM org.apache.catalina.startup.VersionLoggerListener log
INFO: Server version:        Apache Tomcat/7.0.81
Nov 11, 2017 2:57:16 PM org.apache.catalina.startup.VersionLoggerListener log
INFO: Server built:          Aug 11 2017 10:21:27 UTC
Nov 11, 2017 2:57:16 PM org.apache.catalina.startup.VersionLoggerListener log
INFO: Server number:         7.0.81.0
Nov 11, 2017 2:57:16 PM org.apache.catalina.startup.VersionLoggerListener log
INFO: OS Name:               Linux
Nov 11, 2017 2:57:16 PM org.apache.catalina.startup.VersionLoggerListener log
INFO: OS Version:            3.10.0-693.2.2.el7.x86_64
Nov 11, 2017 2:57:16 PM org.apache.catalina.startup.VersionLoggerListener log
INFO: Architecture:          amd64
Nov 11, 2017 2:57:16 PM org.apache.catalina.startup.VersionLoggerListener log
INFO: Java Home:             /usr/lib/jvm/java-1.8.0-openjdk-1.8.0.144-0.b01.el7_4.x86_64/jre
Nov 11, 2017 2:57:16 PM org.apache.catalina.startup.VersionLoggerListener log
INFO: JVM Version:           1.8.0_144-b01
Nov 11, 2017 2:57:16 PM org.apache.catalina.startup.VersionLoggerListener log
INFO: JVM Vendor:            Oracle Corporation
Nov 11, 2017 2:57:16 PM org.apache.catalina.startup.VersionLoggerListener log
INFO: CATALINA_BASE:         /home/c2-4/codebase/cloud_code/apache-tomcat-7.0.81
Nov 11, 2017 2:57:16 PM org.apache.catalina.startup.VersionLoggerListener log
INFO: CATALINA_HOME:         /home/c2-4/codebase/cloud_code/apache-tomcat-7.0.81
Nov 11, 2017 2:57:16 PM org.apache.catalina.startup.VersionLoggerListener log
INFO: Command line argument: -Djava.util.logging.config.file=/home/c2-4/codebase/cloud_code/apache-tomcat-7.0.81/conf/logging.properties
Nov 11, 2017 2:57:16 PM org.apache.catalina.startup.VersionLoggerListener log
INFO: Command line argument: -Djava.util.logging.manager=org.apache.juli.ClassLoaderLogManager
Nov 11, 2017 2:57:16 PM org.apache.catalina.startup.VersionLoggerListener log
INFO: Command line argument: -Djdk.tls.ephemeralDHKeySize=2048
Nov 11, 2017 2:57:16 PM org.apache.catalina.startup.VersionLoggerListener log
INFO: Command line argument: -Djava.endorsed.dirs=/home/c2-4/codebase/cloud_code/apache-tomcat-7.0.81/endorsed
Nov 11, 2017 2:57:16 PM org.apache.catalina.startup.VersionLoggerListener log
INFO: Command line argument: -Dcatalina.base=/home/c2-4/codebase/cloud_code/apache-tomcat-7.0.81
Nov 11, 2017 2:57:16 PM org.apache.catalina.startup.VersionLoggerListener log
INFO: Command line argument: -Dcatalina.home=/home/c2-4/codebase/cloud_code/apache-tomcat-7.0.81
Nov 11, 2017 2:57:16 PM org.apache.catalina.startup.VersionLoggerListener log
INFO: Command line argument: -Djava.io.tmpdir=/home/c2-4/codebase/cloud_code/apache-tomcat-7.0.81/temp
Nov 11, 2017 2:57:16 PM org.apache.catalina.core.AprLifecycleListener lifecycleEvent
INFO: The APR based Apache Tomcat Native library which allows optimal performance in production environments was not found on the java.library.path: /usr/java/packages/lib/amd64:/usr/lib64:/lib64:/lib:/usr/lib
Nov 11, 2017 2:57:16 PM org.apache.coyote.AbstractProtocol init
INFO: Initializing ProtocolHandler ["http-bio-8080"]
Nov 11, 2017 2:57:16 PM org.apache.coyote.AbstractProtocol init
INFO: Initializing ProtocolHandler ["ajp-bio-8009"]
Nov 11, 2017 2:57:16 PM org.apache.catalina.startup.Catalina load
INFO: Initialization processed in 354 ms
Nov 11, 2017 2:57:16 PM org.apache.catalina.core.StandardService startInternal
INFO: Starting service Catalina
Nov 11, 2017 2:57:16 PM org.apache.catalina.core.StandardEngine startInternal
INFO: Starting Servlet Engine: Apache Tomcat/7.0.81
Nov 11, 2017 2:57:16 PM org.apache.catalina.startup.HostConfig deployWAR
INFO: Deploying web application archive /home/c2-4/codebase/cloud_code/apache-tomcat-7.0.81/webapps/roboweb.war
Nov 11, 2017 2:57:16 PM org.apache.catalina.startup.SetContextPropertiesRule begin
WARNING: [SetContextPropertiesRule]{Context} Setting property 'debug' to '1' did not find a matching property.
Nov 11, 2017 2:57:17 PM org.apache.catalina.loader.WebappClassLoaderBase validateJarFile
INFO: validateJarFile(/home/c2-4/codebase/cloud_code/apache-tomcat-7.0.81/webapps/roboweb/WEB-INF/lib/javax.servlet-3.0.jar) - jar not loaded. See Servlet Spec 3.0, section 10.7.2. Offending class: javax/servlet/Servlet.class
Nov 11, 2017 2:57:17 PM org.apache.catalina.startup.TaglibUriRule body
INFO: TLD skipped. URI: urn:com:sun:jersey:api:view is already defined
Nov 11, 2017 2:57:17 PM org.apache.catalina.startup.TldConfig execute
INFO: At least one JAR was scanned for TLDs yet contained no TLDs. Enable debug logging for this logger for a complete list of JARs that were scanned but no TLDs were found in them. Skipping unneeded JARs during scanning can improve startup time and JSP compilation time.
Nov 11, 2017 2:57:17 PM com.sun.jersey.api.core.PackagesResourceConfig init
INFO: Scanning for root resource and provider classes in the packages:
  ServerService
Nov 11, 2017 2:57:17 PM com.sun.jersey.api.core.ScanningResourceConfig logClasses
INFO: Root resource classes found:
  class ServerService.RestServerService
Nov 11, 2017 2:57:17 PM com.sun.jersey.api.core.ScanningResourceConfig init
INFO: No provider classes found.
Nov 11, 2017 2:57:17 PM com.sun.jersey.server.impl.application.WebApplicationImpl _initiate
INFO: Initiating Jersey application, version 'Jersey: 1.19 02/11/2015 05:39 AM'
Nov 11, 2017 2:57:18 PM org.apache.catalina.startup.HostConfig deployWAR
INFO: Deployment of web application archive /home/c2-4/codebase/cloud_code/apache-tomcat-7.0.81/webapps/roboweb.war has finished in 1,027 ms
Nov 11, 2017 2:57:18 PM org.apache.catalina.startup.HostConfig deployDirectory
INFO: Deploying web application directory /home/c2-4/codebase/cloud_code/apache-tomcat-7.0.81/webapps/ROOT
Nov 11, 2017 2:57:18 PM org.apache.catalina.startup.TldConfig execute
INFO: At least one JAR was scanned for TLDs yet contained no TLDs. Enable debug logging for this logger for a complete list of JARs that were scanned but no TLDs were found in them. Skipping unneeded JARs during scanning can improve startup time and JSP compilation time.
Nov 11, 2017 2:57:18 PM org.apache.catalina.startup.HostConfig deployDirectory
INFO: Deployment of web application directory /home/c2-4/codebase/cloud_code/apache-tomcat-7.0.81/webapps/ROOT has finished in 71 ms
Nov 11, 2017 2:57:18 PM org.apache.catalina.startup.HostConfig deployDirectory
INFO: Deploying web application directory /home/c2-4/codebase/cloud_code/apache-tomcat-7.0.81/webapps/docs
Nov 11, 2017 2:57:18 PM org.apache.catalina.startup.TldConfig execute
INFO: At least one JAR was scanned for TLDs yet contained no TLDs. Enable debug logging for this logger for a complete list of JARs that were scanned but no TLDs were found in them. Skipping unneeded JARs during scanning can improve startup time and JSP compilation time.
Nov 11, 2017 2:57:18 PM org.apache.catalina.startup.HostConfig deployDirectory
INFO: Deployment of web application directory /home/c2-4/codebase/cloud_code/apache-tomcat-7.0.81/webapps/docs has finished in 65 ms
Nov 11, 2017 2:57:18 PM org.apache.catalina.startup.HostConfig deployDirectory
INFO: Deploying web application directory /home/c2-4/codebase/cloud_code/apache-tomcat-7.0.81/webapps/examples
Nov 11, 2017 2:57:18 PM org.apache.catalina.startup.TldConfig execute
INFO: At least one JAR was scanned for TLDs yet contained no TLDs. Enable debug logging for this logger for a complete list of JARs that were scanned but no TLDs were found in them. Skipping unneeded JARs during scanning can improve startup time and JSP compilation time.
Nov 11, 2017 2:57:18 PM org.apache.catalina.core.StandardContext startInternal
SEVERE: One or more listeners failed to start. Full details will be found in the appropriate container log file
Nov 11, 2017 2:57:18 PM org.apache.catalina.core.StandardContext startInternal
SEVERE: Context [/examples] startup failed due to previous errors
Nov 11, 2017 2:57:18 PM org.apache.catalina.startup.HostConfig deployDirectory
INFO: Deployment of web application directory /home/c2-4/codebase/cloud_code/apache-tomcat-7.0.81/webapps/examples has finished in 124 ms
Nov 11, 2017 2:57:18 PM org.apache.catalina.startup.HostConfig deployDirectory
INFO: Deploying web application directory /home/c2-4/codebase/cloud_code/apache-tomcat-7.0.81/webapps/host-manager
Nov 11, 2017 2:57:18 PM org.apache.catalina.startup.TldConfig execute
INFO: At least one JAR was scanned for TLDs yet contained no TLDs. Enable debug logging for this logger for a complete list of JARs that were scanned but no TLDs were found in them. Skipping unneeded JARs during scanning can improve startup time and JSP compilation time.
Nov 11, 2017 2:57:18 PM org.apache.catalina.startup.HostConfig deployDirectory
INFO: Deployment of web application directory /home/c2-4/codebase/cloud_code/apache-tomcat-7.0.81/webapps/host-manager has finished in 70 ms
Nov 11, 2017 2:57:18 PM org.apache.catalina.startup.HostConfig deployDirectory
INFO: Deploying web application directory /home/c2-4/codebase/cloud_code/apache-tomcat-7.0.81/webapps/manager
Nov 11, 2017 2:57:18 PM org.apache.catalina.startup.TldConfig execute
INFO: At least one JAR was scanned for TLDs yet contained no TLDs. Enable debug logging for this logger for a complete list of JARs that were scanned but no TLDs were found in them. Skipping unneeded JARs during scanning can improve startup time and JSP compilation time.
Nov 11, 2017 2:57:18 PM org.apache.catalina.startup.HostConfig deployDirectory
INFO: Deployment of web application directory /home/c2-4/codebase/cloud_code/apache-tomcat-7.0.81/webapps/manager has finished in 68 ms
Nov 11, 2017 2:57:18 PM org.apache.coyote.AbstractProtocol start
INFO: Starting ProtocolHandler ["http-bio-8080"]
Nov 11, 2017 2:57:18 PM org.apache.coyote.AbstractProtocol start
INFO: Starting ProtocolHandler ["ajp-bio-8009"]
Nov 11, 2017 2:57:18 PM org.apache.catalina.startup.Catalina start
INFO: Server startup in 1482 ms
Nov 11, 2017 3:02:29 PM org.apache.jasper.compiler.TldLocationsCache tldScanJar
INFO: At least one JAR was scanned for TLDs yet contained no TLDs. Enable debug logging for this logger for a complete list of JARs that were scanned but no TLDs were found in them. Skipping unneeded JARs during scanning can improve startup time and JSP compilation time.
Nov 11, 2017 3:46:09 PM org.apache.catalina.core.StandardServer await
INFO: A valid shutdown command was received via the shutdown port. Stopping the Server instance.
Nov 11, 2017 3:46:09 PM org.apache.coyote.AbstractProtocol pause
INFO: Pausing ProtocolHandler ["http-bio-8080"]
Nov 11, 2017 3:46:10 PM org.apache.coyote.AbstractProtocol pause
INFO: Pausing ProtocolHandler ["ajp-bio-8009"]
Nov 11, 2017 3:46:10 PM org.apache.catalina.core.StandardService stopInternal
INFO: Stopping service Catalina
Nov 11, 2017 3:46:10 PM org.apache.catalina.loader.WebappClassLoaderBase clearReferencesThreads
SEVERE: The web application [/roboweb] appears to have started a thread named [Abandoned connection cleanup thread] but has failed to stop it. This is very likely to create a memory leak.
Nov 11, 2017 3:46:10 PM org.apache.coyote.AbstractProtocol stop
INFO: Stopping ProtocolHandler ["http-bio-8080"]
Nov 11, 2017 3:46:10 PM org.apache.coyote.AbstractProtocol stop
INFO: Stopping ProtocolHandler ["ajp-bio-8009"]
Nov 11, 2017 3:46:10 PM org.apache.coyote.AbstractProtocol destroy
INFO: Destroying ProtocolHandler ["http-bio-8080"]
Nov 11, 2017 3:46:10 PM org.apache.coyote.AbstractProtocol destroy
INFO: Destroying ProtocolHandler ["ajp-bio-8009"]
Nov 11, 2017 3:51:44 PM org.apache.catalina.startup.Catalina initDirs
SEVERE: Cannot find specified temporary folder at /home/c2-4/codebase/cloud_code/apache-tomcat-7.0.81/temp
Nov 11, 2017 3:51:44 PM org.apache.catalina.startup.VersionLoggerListener log
INFO: Server version:        Apache Tomcat/7.0.81
Nov 11, 2017 3:51:44 PM org.apache.catalina.startup.VersionLoggerListener log
INFO: Server built:          Aug 11 2017 10:21:27 UTC
Nov 11, 2017 3:51:44 PM org.apache.catalina.startup.VersionLoggerListener log
INFO: Server number:         7.0.81.0
Nov 11, 2017 3:51:44 PM org.apache.catalina.startup.VersionLoggerListener log
INFO: OS Name:               Linux
Nov 11, 2017 3:51:44 PM org.apache.catalina.startup.VersionLoggerListener log
INFO: OS Version:            3.10.0-693.2.2.el7.x86_64
Nov 11, 2017 3:51:44 PM org.apache.catalina.startup.VersionLoggerListener log
INFO: Architecture:          amd64
Nov 11, 2017 3:51:44 PM org.apache.catalina.startup.VersionLoggerListener log
INFO: Java Home:             /usr/lib/jvm/java-1.8.0-openjdk-1.8.0.144-0.b01.el7_4.x86_64/jre
Nov 11, 2017 3:51:44 PM org.apache.catalina.startup.VersionLoggerListener log
INFO: JVM Version:           1.8.0_144-b01
Nov 11, 2017 3:51:44 PM org.apache.catalina.startup.VersionLoggerListener log
INFO: JVM Vendor:            Oracle Corporation
Nov 11, 2017 3:51:44 PM org.apache.catalina.startup.VersionLoggerListener log
INFO: CATALINA_BASE:         /home/c2-4/codebase/cloud_code/apache-tomcat-7.0.81
Nov 11, 2017 3:51:44 PM org.apache.catalina.startup.VersionLoggerListener log
INFO: CATALINA_HOME:         /home/c2-4/codebase/cloud_code/apache-tomcat-7.0.81
Nov 11, 2017 3:51:44 PM org.apache.catalina.startup.VersionLoggerListener log
INFO: Command line argument: -Djava.util.logging.config.file=/home/c2-4/codebase/cloud_code/apache-tomcat-7.0.81/conf/logging.properties
Nov 11, 2017 3:51:44 PM org.apache.catalina.startup.VersionLoggerListener log
INFO: Command line argument: -Djava.util.logging.manager=org.apache.juli.ClassLoaderLogManager
Nov 11, 2017 3:51:44 PM org.apache.catalina.startup.VersionLoggerListener log
INFO: Command line argument: -Djdk.tls.ephemeralDHKeySize=2048
Nov 11, 2017 3:51:44 PM org.apache.catalina.startup.VersionLoggerListener log
INFO: Command line argument: -Djava.endorsed.dirs=/home/c2-4/codebase/cloud_code/apache-tomcat-7.0.81/endorsed
Nov 11, 2017 3:51:44 PM org.apache.catalina.startup.VersionLoggerListener log
INFO: Command line argument: -Dcatalina.base=/home/c2-4/codebase/cloud_code/apache-tomcat-7.0.81
Nov 11, 2017 3:51:44 PM org.apache.catalina.startup.VersionLoggerListener log
INFO: Command line argument: -Dcatalina.home=/home/c2-4/codebase/cloud_code/apache-tomcat-7.0.81
Nov 11, 2017 3:51:44 PM org.apache.catalina.startup.VersionLoggerListener log
INFO: Command line argument: -Djava.io.tmpdir=/home/c2-4/codebase/cloud_code/apache-tomcat-7.0.81/temp
Nov 11, 2017 3:51:44 PM org.apache.catalina.core.AprLifecycleListener lifecycleEvent
INFO: The APR based Apache Tomcat Native library which allows optimal performance in production environments was not found on the java.library.path: /usr/java/packages/lib/amd64:/usr/lib64:/lib64:/lib:/usr/lib
Nov 11, 2017 3:51:44 PM org.apache.coyote.AbstractProtocol init
INFO: Initializing ProtocolHandler ["http-bio-8080"]
Nov 11, 2017 3:51:44 PM org.apache.coyote.AbstractProtocol init
SEVERE: Failed to initialize end point associated with ProtocolHandler ["http-bio-8080"]
java.net.BindException: Address already in use (Bind failed) <null>:8080
	at org.apache.tomcat.util.net.JIoEndpoint.bind(JIoEndpoint.java:413)
	at org.apache.tomcat.util.net.AbstractEndpoint.init(AbstractEndpoint.java:728)
	at org.apache.coyote.AbstractProtocol.init(AbstractProtocol.java:452)
	at org.apache.coyote.http11.AbstractHttp11JsseProtocol.init(AbstractHttp11JsseProtocol.java:119)
	at org.apache.catalina.connector.Connector.initInternal(Connector.java:978)
	at org.apache.catalina.util.LifecycleBase.init(LifecycleBase.java:102)
	at org.apache.catalina.core.StandardService.initInternal(StandardService.java:560)
	at org.apache.catalina.util.LifecycleBase.init(LifecycleBase.java:102)
	at org.apache.catalina.core.StandardServer.initInternal(StandardServer.java:840)
	at org.apache.catalina.util.LifecycleBase.init(LifecycleBase.java:102)
	at org.apache.catalina.startup.Catalina.load(Catalina.java:643)
	at org.apache.catalina.startup.Catalina.load(Catalina.java:668)
	at sun.reflect.NativeMethodAccessorImpl.invoke0(Native Method)
	at sun.reflect.NativeMethodAccessorImpl.invoke(NativeMethodAccessorImpl.java:62)
	at sun.reflect.DelegatingMethodAccessorImpl.invoke(DelegatingMethodAccessorImpl.java:43)
	at java.lang.reflect.Method.invoke(Method.java:498)
	at org.apache.catalina.startup.Bootstrap.load(Bootstrap.java:253)
	at org.apache.catalina.startup.Bootstrap.main(Bootstrap.java:427)
Caused by: java.net.BindException: Address already in use (Bind failed)
	at java.net.PlainSocketImpl.socketBind(Native Method)
	at java.net.AbstractPlainSocketImpl.bind(AbstractPlainSocketImpl.java:387)
	at java.net.ServerSocket.bind(ServerSocket.java:375)
	at java.net.ServerSocket.<init>(ServerSocket.java:237)
	at java.net.ServerSocket.<init>(ServerSocket.java:181)
	at org.apache.tomcat.util.net.DefaultServerSocketFactory.createSocket(DefaultServerSocketFactory.java:49)
	at org.apache.tomcat.util.net.JIoEndpoint.bind(JIoEndpoint.java:400)
	... 17 more

Nov 11, 2017 3:51:44 PM org.apache.catalina.core.StandardService initInternal
SEVERE: Failed to initialize connector [Connector[HTTP/1.1-8080]]
org.apache.catalina.LifecycleException: Failed to initialize component [Connector[HTTP/1.1-8080]]
	at org.apache.catalina.util.LifecycleBase.init(LifecycleBase.java:107)
	at org.apache.catalina.core.StandardService.initInternal(StandardService.java:560)
	at org.apache.catalina.util.LifecycleBase.init(LifecycleBase.java:102)
	at org.apache.catalina.core.StandardServer.initInternal(StandardServer.java:840)
	at org.apache.catalina.util.LifecycleBase.init(LifecycleBase.java:102)
	at org.apache.catalina.startup.Catalina.load(Catalina.java:643)
	at org.apache.catalina.startup.Catalina.load(Catalina.java:668)
	at sun.reflect.NativeMethodAccessorImpl.invoke0(Native Method)
	at sun.reflect.NativeMethodAccessorImpl.invoke(NativeMethodAccessorImpl.java:62)
	at sun.reflect.DelegatingMethodAccessorImpl.invoke(DelegatingMethodAccessorImpl.java:43)
	at java.lang.reflect.Method.invoke(Method.java:498)
	at org.apache.catalina.startup.Bootstrap.load(Bootstrap.java:253)
	at org.apache.catalina.startup.Bootstrap.main(Bootstrap.java:427)
Caused by: org.apache.catalina.LifecycleException: Protocol handler initialization failed
	at org.apache.catalina.connector.Connector.initInternal(Connector.java:980)
	at org.apache.catalina.util.LifecycleBase.init(LifecycleBase.java:102)
	... 12 more
Caused by: java.net.BindException: Address already in use (Bind failed) <null>:8080
	at org.apache.tomcat.util.net.JIoEndpoint.bind(JIoEndpoint.java:413)
	at org.apache.tomcat.util.net.AbstractEndpoint.init(AbstractEndpoint.java:728)
	at org.apache.coyote.AbstractProtocol.init(AbstractProtocol.java:452)
	at org.apache.coyote.http11.AbstractHttp11JsseProtocol.init(AbstractHttp11JsseProtocol.java:119)
	at org.apache.catalina.connector.Connector.initInternal(Connector.java:978)
	... 13 more
Caused by: java.net.BindException: Address already in use (Bind failed)
	at java.net.PlainSocketImpl.socketBind(Native Method)
	at java.net.AbstractPlainSocketImpl.bind(AbstractPlainSocketImpl.java:387)
	at java.net.ServerSocket.bind(ServerSocket.java:375)
	at java.net.ServerSocket.<init>(ServerSocket.java:237)
	at java.net.ServerSocket.<init>(ServerSocket.java:181)
	at org.apache.tomcat.util.net.DefaultServerSocketFactory.createSocket(DefaultServerSocketFactory.java:49)
	at org.apache.tomcat.util.net.JIoEndpoint.bind(JIoEndpoint.java:400)
	... 17 more

Nov 11, 2017 3:51:44 PM org.apache.coyote.AbstractProtocol init
INFO: Initializing ProtocolHandler ["ajp-bio-8009"]
Nov 11, 2017 3:51:44 PM org.apache.coyote.AbstractProtocol init
SEVERE: Failed to initialize end point associated with ProtocolHandler ["ajp-bio-8009"]
java.net.BindException: Address already in use (Bind failed) <null>:8009
	at org.apache.tomcat.util.net.JIoEndpoint.bind(JIoEndpoint.java:413)
	at org.apache.tomcat.util.net.AbstractEndpoint.init(AbstractEndpoint.java:728)
	at org.apache.coyote.AbstractProtocol.init(AbstractProtocol.java:452)
	at org.apache.catalina.connector.Connector.initInternal(Connector.java:978)
	at org.apache.catalina.util.LifecycleBase.init(LifecycleBase.java:102)
	at org.apache.catalina.core.StandardService.initInternal(StandardService.java:560)
	at org.apache.catalina.util.LifecycleBase.init(LifecycleBase.java:102)
	at org.apache.catalina.core.StandardServer.initInternal(StandardServer.java:840)
	at org.apache.catalina.util.LifecycleBase.init(LifecycleBase.java:102)
	at org.apache.catalina.startup.Catalina.load(Catalina.java:643)
	at org.apache.catalina.startup.Catalina.load(Catalina.java:668)
	at sun.reflect.NativeMethodAccessorImpl.invoke0(Native Method)
	at sun.reflect.NativeMethodAccessorImpl.invoke(NativeMethodAccessorImpl.java:62)
	at sun.reflect.DelegatingMethodAccessorImpl.invoke(DelegatingMethodAccessorImpl.java:43)
	at java.lang.reflect.Method.invoke(Method.java:498)
	at org.apache.catalina.startup.Bootstrap.load(Bootstrap.java:253)
	at org.apache.catalina.startup.Bootstrap.main(Bootstrap.java:427)
Caused by: java.net.BindException: Address already in use (Bind failed)
	at java.net.PlainSocketImpl.socketBind(Native Method)
	at java.net.AbstractPlainSocketImpl.bind(AbstractPlainSocketImpl.java:387)
	at java.net.ServerSocket.bind(ServerSocket.java:375)
	at java.net.ServerSocket.<init>(ServerSocket.java:237)
	at java.net.ServerSocket.<init>(ServerSocket.java:181)
	at org.apache.tomcat.util.net.DefaultServerSocketFactory.createSocket(DefaultServerSocketFactory.java:49)
	at org.apache.tomcat.util.net.JIoEndpoint.bind(JIoEndpoint.java:400)
	... 16 more

Nov 11, 2017 3:51:44 PM org.apache.catalina.core.StandardService initInternal
SEVERE: Failed to initialize connector [Connector[AJP/1.3-8009]]
org.apache.catalina.LifecycleException: Failed to initialize component [Connector[AJP/1.3-8009]]
	at org.apache.catalina.util.LifecycleBase.init(LifecycleBase.java:107)
	at org.apache.catalina.core.StandardService.initInternal(StandardService.java:560)
	at org.apache.catalina.util.LifecycleBase.init(LifecycleBase.java:102)
	at org.apache.catalina.core.StandardServer.initInternal(StandardServer.java:840)
	at org.apache.catalina.util.LifecycleBase.init(LifecycleBase.java:102)
	at org.apache.catalina.startup.Catalina.load(Catalina.java:643)
	at org.apache.catalina.startup.Catalina.load(Catalina.java:668)
	at sun.reflect.NativeMethodAccessorImpl.invoke0(Native Method)
	at sun.reflect.NativeMethodAccessorImpl.invoke(NativeMethodAccessorImpl.java:62)
	at sun.reflect.DelegatingMethodAccessorImpl.invoke(DelegatingMethodAccessorImpl.java:43)
	at java.lang.reflect.Method.invoke(Method.java:498)
	at org.apache.catalina.startup.Bootstrap.load(Bootstrap.java:253)
	at org.apache.catalina.startup.Bootstrap.main(Bootstrap.java:427)
Caused by: org.apache.catalina.LifecycleException: Protocol handler initialization failed
	at org.apache.catalina.connector.Connector.initInternal(Connector.java:980)
	at org.apache.catalina.util.LifecycleBase.init(LifecycleBase.java:102)
	... 12 more
Caused by: java.net.BindException: Address already in use (Bind failed) <null>:8009
	at org.apache.tomcat.util.net.JIoEndpoint.bind(JIoEndpoint.java:413)
	at org.apache.tomcat.util.net.AbstractEndpoint.init(AbstractEndpoint.java:728)
	at org.apache.coyote.AbstractProtocol.init(AbstractProtocol.java:452)
	at org.apache.catalina.connector.Connector.initInternal(Connector.java:978)
	... 13 more
Caused by: java.net.BindException: Address already in use (Bind failed)
	at java.net.PlainSocketImpl.socketBind(Native Method)
	at java.net.AbstractPlainSocketImpl.bind(AbstractPlainSocketImpl.java:387)
	at java.net.ServerSocket.bind(ServerSocket.java:375)
	at java.net.ServerSocket.<init>(ServerSocket.java:237)
	at java.net.ServerSocket.<init>(ServerSocket.java:181)
	at org.apache.tomcat.util.net.DefaultServerSocketFactory.createSocket(DefaultServerSocketFactory.java:49)
	at org.apache.tomcat.util.net.JIoEndpoint.bind(JIoEndpoint.java:400)
	... 16 more

Nov 11, 2017 3:51:44 PM org.apache.catalina.startup.Catalina load
INFO: Initialization processed in 372 ms
Nov 11, 2017 3:51:44 PM org.apache.catalina.core.StandardService startInternal
INFO: Starting service Catalina
Nov 11, 2017 3:51:44 PM org.apache.catalina.core.StandardEngine startInternal
INFO: Starting Servlet Engine: Apache Tomcat/7.0.81
Nov 11, 2017 3:51:44 PM org.apache.catalina.startup.HostConfig deployWAR
INFO: Deploying web application archive /home/c2-4/codebase/cloud_code/apache-tomcat-7.0.81/webapps/roboweb.war
Nov 11, 2017 3:51:44 PM org.apache.catalina.startup.SetContextPropertiesRule begin
WARNING: [SetContextPropertiesRule]{Context} Setting property 'debug' to '1' did not find a matching property.
Nov 11, 2017 3:51:44 PM org.apache.catalina.loader.WebappClassLoaderBase validateJarFile
INFO: validateJarFile(/home/c2-4/codebase/cloud_code/apache-tomcat-7.0.81/webapps/roboweb/WEB-INF/lib/javax.servlet-3.0.jar) - jar not loaded. See Servlet Spec 3.0, section 10.7.2. Offending class: javax/servlet/Servlet.class
Nov 11, 2017 3:51:45 PM org.apache.catalina.startup.TaglibUriRule body
INFO: TLD skipped. URI: urn:com:sun:jersey:api:view is already defined
Nov 11, 2017 3:51:45 PM org.apache.catalina.startup.TldConfig execute
INFO: At least one JAR was scanned for TLDs yet contained no TLDs. Enable debug logging for this logger for a complete list of JARs that were scanned but no TLDs were found in them. Skipping unneeded JARs during scanning can improve startup time and JSP compilation time.
Nov 11, 2017 3:51:45 PM com.sun.jersey.api.core.PackagesResourceConfig init
INFO: Scanning for root resource and provider classes in the packages:
  ServerService
Nov 11, 2017 3:51:45 PM com.sun.jersey.api.core.ScanningResourceConfig logClasses
INFO: Root resource classes found:
  class ServerService.RestServerService
Nov 11, 2017 3:51:45 PM com.sun.jersey.api.core.ScanningResourceConfig init
INFO: No provider classes found.
Nov 11, 2017 3:51:45 PM com.sun.jersey.server.impl.application.WebApplicationImpl _initiate
INFO: Initiating Jersey application, version 'Jersey: 1.19 02/11/2015 05:39 AM'
Nov 11, 2017 3:51:45 PM org.apache.catalina.startup.HostConfig deployWAR
INFO: Deployment of web application archive /home/c2-4/codebase/cloud_code/apache-tomcat-7.0.81/webapps/roboweb.war has finished in 1,306 ms
Nov 11, 2017 3:51:45 PM org.apache.catalina.startup.HostConfig deployDirectory
INFO: Deploying web application directory /home/c2-4/codebase/cloud_code/apache-tomcat-7.0.81/webapps/ROOT
Nov 11, 2017 3:51:45 PM org.apache.catalina.startup.TldConfig execute
INFO: At least one JAR was scanned for TLDs yet contained no TLDs. Enable debug logging for this logger for a complete list of JARs that were scanned but no TLDs were found in them. Skipping unneeded JARs during scanning can improve startup time and JSP compilation time.
Nov 11, 2017 3:51:45 PM org.apache.catalina.startup.HostConfig deployDirectory
INFO: Deployment of web application directory /home/c2-4/codebase/cloud_code/apache-tomcat-7.0.81/webapps/ROOT has finished in 80 ms
Nov 11, 2017 3:51:45 PM org.apache.catalina.startup.HostConfig deployDirectory
INFO: Deploying web application directory /home/c2-4/codebase/cloud_code/apache-tomcat-7.0.81/webapps/docs
Nov 11, 2017 3:51:45 PM org.apache.catalina.startup.TldConfig execute
INFO: At least one JAR was scanned for TLDs yet contained no TLDs. Enable debug logging for this logger for a complete list of JARs that were scanned but no TLDs were found in them. Skipping unneeded JARs during scanning can improve startup time and JSP compilation time.
Nov 11, 2017 3:51:45 PM org.apache.catalina.startup.HostConfig deployDirectory
INFO: Deployment of web application directory /home/c2-4/codebase/cloud_code/apache-tomcat-7.0.81/webapps/docs has finished in 75 ms
Nov 11, 2017 3:51:45 PM org.apache.catalina.startup.HostConfig deployDirectory
INFO: Deploying web application directory /home/c2-4/codebase/cloud_code/apache-tomcat-7.0.81/webapps/examples
Nov 11, 2017 3:51:46 PM org.apache.catalina.startup.TldConfig execute
INFO: At least one JAR was scanned for TLDs yet contained no TLDs. Enable debug logging for this logger for a complete list of JARs that were scanned but no TLDs were found in them. Skipping unneeded JARs during scanning can improve startup time and JSP compilation time.
Nov 11, 2017 3:51:46 PM org.apache.catalina.core.StandardContext startInternal
SEVERE: One or more listeners failed to start. Full details will be found in the appropriate container log file
Nov 11, 2017 3:51:46 PM org.apache.catalina.core.StandardContext startInternal
SEVERE: Context [/examples] startup failed due to previous errors
Nov 11, 2017 3:51:46 PM org.apache.catalina.startup.HostConfig deployDirectory
INFO: Deployment of web application directory /home/c2-4/codebase/cloud_code/apache-tomcat-7.0.81/webapps/examples has finished in 162 ms
Nov 11, 2017 3:51:46 PM org.apache.catalina.startup.HostConfig deployDirectory
INFO: Deploying web application directory /home/c2-4/codebase/cloud_code/apache-tomcat-7.0.81/webapps/host-manager
Nov 11, 2017 3:51:46 PM org.apache.catalina.startup.TldConfig execute
INFO: At least one JAR was scanned for TLDs yet contained no TLDs. Enable debug logging for this logger for a complete list of JARs that were scanned but no TLDs were found in them. Skipping unneeded JARs during scanning can improve startup time and JSP compilation time.
Nov 11, 2017 3:51:46 PM org.apache.catalina.startup.HostConfig deployDirectory
INFO: Deployment of web application directory /home/c2-4/codebase/cloud_code/apache-tomcat-7.0.81/webapps/host-manager has finished in 85 ms
Nov 11, 2017 3:51:46 PM org.apache.catalina.startup.HostConfig deployDirectory
INFO: Deploying web application directory /home/c2-4/codebase/cloud_code/apache-tomcat-7.0.81/webapps/manager
Nov 11, 2017 3:51:46 PM org.apache.catalina.startup.TldConfig execute
INFO: At least one JAR was scanned for TLDs yet contained no TLDs. Enable debug logging for this logger for a complete list of JARs that were scanned but no TLDs were found in them. Skipping unneeded JARs during scanning can improve startup time and JSP compilation time.
Nov 11, 2017 3:51:46 PM org.apache.catalina.startup.HostConfig deployDirectory
INFO: Deployment of web application directory /home/c2-4/codebase/cloud_code/apache-tomcat-7.0.81/webapps/manager has finished in 83 ms
Nov 11, 2017 3:51:46 PM org.apache.catalina.startup.Catalina start
INFO: Server startup in 1831 ms
Nov 11, 2017 3:51:46 PM org.apache.catalina.core.StandardServer await
SEVERE: StandardServer.await: create[localhost:8005]: 
java.net.BindException: Address already in use (Bind failed)
	at java.net.PlainSocketImpl.socketBind(Native Method)
	at java.net.AbstractPlainSocketImpl.bind(AbstractPlainSocketImpl.java:387)
	at java.net.ServerSocket.bind(ServerSocket.java:375)
	at java.net.ServerSocket.<init>(ServerSocket.java:237)
	at org.apache.catalina.core.StandardServer.await(StandardServer.java:444)
	at org.apache.catalina.startup.Catalina.await(Catalina.java:782)
	at org.apache.catalina.startup.Catalina.start(Catalina.java:728)
	at sun.reflect.NativeMethodAccessorImpl.invoke0(Native Method)
	at sun.reflect.NativeMethodAccessorImpl.invoke(NativeMethodAccessorImpl.java:62)
	at sun.reflect.DelegatingMethodAccessorImpl.invoke(DelegatingMethodAccessorImpl.java:43)
	at java.lang.reflect.Method.invoke(Method.java:498)
	at org.apache.catalina.startup.Bootstrap.start(Bootstrap.java:294)
	at org.apache.catalina.startup.Bootstrap.main(Bootstrap.java:428)

Nov 11, 2017 3:51:46 PM org.apache.coyote.AbstractProtocol pause
INFO: Pausing ProtocolHandler ["http-bio-8080"]
Nov 11, 2017 3:51:46 PM org.apache.coyote.AbstractProtocol pause
INFO: Pausing ProtocolHandler ["ajp-bio-8009"]
Nov 11, 2017 3:51:46 PM org.apache.catalina.core.StandardService stopInternal
INFO: Stopping service Catalina
Nov 11, 2017 3:51:46 PM org.apache.coyote.AbstractProtocol stop
INFO: Stopping ProtocolHandler ["http-bio-8080"]
Nov 11, 2017 3:51:46 PM org.apache.coyote.AbstractProtocol destroy
INFO: Destroying ProtocolHandler ["http-bio-8080"]
Nov 11, 2017 3:51:46 PM org.apache.coyote.AbstractProtocol stop
INFO: Stopping ProtocolHandler ["ajp-bio-8009"]
Nov 11, 2017 3:51:46 PM org.apache.coyote.AbstractProtocol destroy
INFO: Destroying ProtocolHandler ["ajp-bio-8009"]
