Oct 19, 2017 12:20:20 PM org.apache.catalina.core.StandardServer await
INFO: A valid shutdown command was received via the shutdown port. Stopping the Server instance.
Oct 19, 2017 12:20:20 PM org.apache.coyote.AbstractProtocol pause
INFO: Pausing ProtocolHandler ["http-bio-8080"]
Oct 19, 2017 12:20:21 PM org.apache.coyote.AbstractProtocol pause
INFO: Pausing ProtocolHandler ["ajp-bio-8009"]
Oct 19, 2017 12:20:21 PM org.apache.catalina.core.StandardService stopInternal
INFO: Stopping service Catalina
Oct 19, 2017 12:20:21 PM org.apache.coyote.AbstractProtocol stop
INFO: Stopping ProtocolHandler ["http-bio-8080"]
Oct 19, 2017 12:20:21 PM org.apache.coyote.AbstractProtocol stop
INFO: Stopping ProtocolHandler ["ajp-bio-8009"]
Oct 19, 2017 12:20:21 PM org.apache.coyote.AbstractProtocol destroy
INFO: Destroying ProtocolHandler ["http-bio-8080"]
Oct 19, 2017 12:20:21 PM org.apache.coyote.AbstractProtocol destroy
INFO: Destroying ProtocolHandler ["ajp-bio-8009"]
Oct 19, 2017 12:20:21 PM org.apache.catalina.startup.Catalina initDirs
SEVERE: Cannot find specified temporary folder at /home/c2-4/codebase/cloud_code/apache-tomcat-7.0.81/temp
Oct 19, 2017 12:20:21 PM org.apache.catalina.startup.VersionLoggerListener log
INFO: Server version:        Apache Tomcat/7.0.81
Oct 19, 2017 12:20:21 PM org.apache.catalina.startup.VersionLoggerListener log
INFO: Server built:          Aug 11 2017 10:21:27 UTC
Oct 19, 2017 12:20:21 PM org.apache.catalina.startup.VersionLoggerListener log
INFO: Server number:         7.0.81.0
Oct 19, 2017 12:20:21 PM org.apache.catalina.startup.VersionLoggerListener log
INFO: OS Name:               Linux
Oct 19, 2017 12:20:21 PM org.apache.catalina.startup.VersionLoggerListener log
INFO: OS Version:            3.10.0-693.2.2.el7.x86_64
Oct 19, 2017 12:20:21 PM org.apache.catalina.startup.VersionLoggerListener log
INFO: Architecture:          amd64
Oct 19, 2017 12:20:21 PM org.apache.catalina.startup.VersionLoggerListener log
INFO: Java Home:             /usr/lib/jvm/java-1.8.0-openjdk-1.8.0.144-0.b01.el7_4.x86_64/jre
Oct 19, 2017 12:20:21 PM org.apache.catalina.startup.VersionLoggerListener log
INFO: JVM Version:           1.8.0_144-b01
Oct 19, 2017 12:20:21 PM org.apache.catalina.startup.VersionLoggerListener log
INFO: JVM Vendor:            Oracle Corporation
Oct 19, 2017 12:20:21 PM org.apache.catalina.startup.VersionLoggerListener log
INFO: CATALINA_BASE:         /home/c2-4/codebase/cloud_code/apache-tomcat-7.0.81
Oct 19, 2017 12:20:21 PM org.apache.catalina.startup.VersionLoggerListener log
INFO: CATALINA_HOME:         /home/c2-4/codebase/cloud_code/apache-tomcat-7.0.81
Oct 19, 2017 12:20:21 PM org.apache.catalina.startup.VersionLoggerListener log
INFO: Command line argument: -Djava.util.logging.config.file=/home/c2-4/codebase/cloud_code/apache-tomcat-7.0.81/conf/logging.properties
Oct 19, 2017 12:20:21 PM org.apache.catalina.startup.VersionLoggerListener log
INFO: Command line argument: -Djava.util.logging.manager=org.apache.juli.ClassLoaderLogManager
Oct 19, 2017 12:20:21 PM org.apache.catalina.startup.VersionLoggerListener log
INFO: Command line argument: -Djdk.tls.ephemeralDHKeySize=2048
Oct 19, 2017 12:20:21 PM org.apache.catalina.startup.VersionLoggerListener log
INFO: Command line argument: -Djava.endorsed.dirs=/home/c2-4/codebase/cloud_code/apache-tomcat-7.0.81/endorsed
Oct 19, 2017 12:20:21 PM org.apache.catalina.startup.VersionLoggerListener log
INFO: Command line argument: -Dcatalina.base=/home/c2-4/codebase/cloud_code/apache-tomcat-7.0.81
Oct 19, 2017 12:20:21 PM org.apache.catalina.startup.VersionLoggerListener log
INFO: Command line argument: -Dcatalina.home=/home/c2-4/codebase/cloud_code/apache-tomcat-7.0.81
Oct 19, 2017 12:20:21 PM org.apache.catalina.startup.VersionLoggerListener log
INFO: Command line argument: -Djava.io.tmpdir=/home/c2-4/codebase/cloud_code/apache-tomcat-7.0.81/temp
Oct 19, 2017 12:20:21 PM org.apache.catalina.core.AprLifecycleListener lifecycleEvent
INFO: The APR based Apache Tomcat Native library which allows optimal performance in production environments was not found on the java.library.path: /usr/java/packages/lib/amd64:/usr/lib64:/lib64:/lib:/usr/lib
Oct 19, 2017 12:20:21 PM org.apache.coyote.AbstractProtocol init
INFO: Initializing ProtocolHandler ["http-bio-8080"]
Oct 19, 2017 12:20:21 PM org.apache.coyote.AbstractProtocol init
INFO: Initializing ProtocolHandler ["ajp-bio-8009"]
Oct 19, 2017 12:20:21 PM org.apache.catalina.startup.Catalina load
INFO: Initialization processed in 445 ms
Oct 19, 2017 12:20:21 PM org.apache.catalina.core.StandardService startInternal
INFO: Starting service Catalina
Oct 19, 2017 12:20:21 PM org.apache.catalina.core.StandardEngine startInternal
INFO: Starting Servlet Engine: Apache Tomcat/7.0.81
Oct 19, 2017 12:20:21 PM org.apache.catalina.startup.HostConfig deployWAR
INFO: Deploying web application archive /home/c2-4/codebase/cloud_code/apache-tomcat-7.0.81/webapps/roboweb.war
Oct 19, 2017 12:20:21 PM org.apache.catalina.startup.SetContextPropertiesRule begin
WARNING: [SetContextPropertiesRule]{Context} Setting property 'debug' to '1' did not find a matching property.
Oct 19, 2017 12:20:21 PM org.apache.catalina.loader.WebappClassLoaderBase validateJarFile
INFO: validateJarFile(/home/c2-4/codebase/cloud_code/apache-tomcat-7.0.81/webapps/roboweb/WEB-INF/lib/javax.servlet-3.0.jar) - jar not loaded. See Servlet Spec 3.0, section 10.7.2. Offending class: javax/servlet/Servlet.class
Oct 19, 2017 12:20:22 PM org.apache.catalina.startup.TaglibUriRule body
INFO: TLD skipped. URI: urn:com:sun:jersey:api:view is already defined
Oct 19, 2017 12:20:22 PM org.apache.catalina.startup.TldConfig execute
INFO: At least one JAR was scanned for TLDs yet contained no TLDs. Enable debug logging for this logger for a complete list of JARs that were scanned but no TLDs were found in them. Skipping unneeded JARs during scanning can improve startup time and JSP compilation time.
Oct 19, 2017 12:20:22 PM com.sun.jersey.api.core.PackagesResourceConfig init
INFO: Scanning for root resource and provider classes in the packages:
  ServerService
Oct 19, 2017 12:20:22 PM com.sun.jersey.api.core.ScanningResourceConfig logClasses
INFO: Root resource classes found:
  class ServerService.RestServerService
Oct 19, 2017 12:20:22 PM com.sun.jersey.api.core.ScanningResourceConfig init
INFO: No provider classes found.
Oct 19, 2017 12:20:22 PM com.sun.jersey.server.impl.application.WebApplicationImpl _initiate
INFO: Initiating Jersey application, version 'Jersey: 1.19 02/11/2015 05:39 AM'
Oct 19, 2017 12:20:22 PM org.apache.catalina.startup.HostConfig deployWAR
INFO: Deployment of web application archive /home/c2-4/codebase/cloud_code/apache-tomcat-7.0.81/webapps/roboweb.war has finished in 1,288 ms
Oct 19, 2017 12:20:22 PM org.apache.catalina.startup.HostConfig deployDirectory
INFO: Deploying web application directory /home/c2-4/codebase/cloud_code/apache-tomcat-7.0.81/webapps/ROOT
Oct 19, 2017 12:20:22 PM org.apache.catalina.startup.TldConfig execute
INFO: At least one JAR was scanned for TLDs yet contained no TLDs. Enable debug logging for this logger for a complete list of JARs that were scanned but no TLDs were found in them. Skipping unneeded JARs during scanning can improve startup time and JSP compilation time.
Oct 19, 2017 12:20:22 PM org.apache.catalina.startup.HostConfig deployDirectory
INFO: Deployment of web application directory /home/c2-4/codebase/cloud_code/apache-tomcat-7.0.81/webapps/ROOT has finished in 85 ms
Oct 19, 2017 12:20:22 PM org.apache.catalina.startup.HostConfig deployDirectory
INFO: Deploying web application directory /home/c2-4/codebase/cloud_code/apache-tomcat-7.0.81/webapps/docs
Oct 19, 2017 12:20:23 PM org.apache.catalina.startup.TldConfig execute
INFO: At least one JAR was scanned for TLDs yet contained no TLDs. Enable debug logging for this logger for a complete list of JARs that were scanned but no TLDs were found in them. Skipping unneeded JARs during scanning can improve startup time and JSP compilation time.
Oct 19, 2017 12:20:23 PM org.apache.catalina.startup.HostConfig deployDirectory
INFO: Deployment of web application directory /home/c2-4/codebase/cloud_code/apache-tomcat-7.0.81/webapps/docs has finished in 61 ms
Oct 19, 2017 12:20:23 PM org.apache.catalina.startup.HostConfig deployDirectory
INFO: Deploying web application directory /home/c2-4/codebase/cloud_code/apache-tomcat-7.0.81/webapps/examples
Oct 19, 2017 12:20:23 PM org.apache.catalina.startup.TldConfig execute
INFO: At least one JAR was scanned for TLDs yet contained no TLDs. Enable debug logging for this logger for a complete list of JARs that were scanned but no TLDs were found in them. Skipping unneeded JARs during scanning can improve startup time and JSP compilation time.
Oct 19, 2017 12:20:23 PM org.apache.catalina.core.StandardContext startInternal
SEVERE: One or more listeners failed to start. Full details will be found in the appropriate container log file
Oct 19, 2017 12:20:23 PM org.apache.catalina.core.StandardContext startInternal
SEVERE: Context [/examples] startup failed due to previous errors
Oct 19, 2017 12:20:23 PM org.apache.catalina.startup.HostConfig deployDirectory
INFO: Deployment of web application directory /home/c2-4/codebase/cloud_code/apache-tomcat-7.0.81/webapps/examples has finished in 125 ms
Oct 19, 2017 12:20:23 PM org.apache.catalina.startup.HostConfig deployDirectory
INFO: Deploying web application directory /home/c2-4/codebase/cloud_code/apache-tomcat-7.0.81/webapps/host-manager
Oct 19, 2017 12:20:23 PM org.apache.catalina.startup.TldConfig execute
INFO: At least one JAR was scanned for TLDs yet contained no TLDs. Enable debug logging for this logger for a complete list of JARs that were scanned but no TLDs were found in them. Skipping unneeded JARs during scanning can improve startup time and JSP compilation time.
Oct 19, 2017 12:20:23 PM org.apache.catalina.startup.HostConfig deployDirectory
INFO: Deployment of web application directory /home/c2-4/codebase/cloud_code/apache-tomcat-7.0.81/webapps/host-manager has finished in 71 ms
Oct 19, 2017 12:20:23 PM org.apache.catalina.startup.HostConfig deployDirectory
INFO: Deploying web application directory /home/c2-4/codebase/cloud_code/apache-tomcat-7.0.81/webapps/manager
Oct 19, 2017 12:20:23 PM org.apache.catalina.startup.TldConfig execute
INFO: At least one JAR was scanned for TLDs yet contained no TLDs. Enable debug logging for this logger for a complete list of JARs that were scanned but no TLDs were found in them. Skipping unneeded JARs during scanning can improve startup time and JSP compilation time.
Oct 19, 2017 12:20:23 PM org.apache.catalina.startup.HostConfig deployDirectory
INFO: Deployment of web application directory /home/c2-4/codebase/cloud_code/apache-tomcat-7.0.81/webapps/manager has finished in 71 ms
Oct 19, 2017 12:20:23 PM org.apache.coyote.AbstractProtocol start
INFO: Starting ProtocolHandler ["http-bio-8080"]
Oct 19, 2017 12:20:23 PM org.apache.coyote.AbstractProtocol start
INFO: Starting ProtocolHandler ["ajp-bio-8009"]
Oct 19, 2017 12:20:23 PM org.apache.catalina.startup.Catalina start
INFO: Server startup in 1751 ms
Oct 19, 2017 12:20:33 PM org.apache.catalina.startup.HostConfig undeploy
INFO: Undeploying context [/roboweb]
Oct 19, 2017 12:20:33 PM org.apache.catalina.loader.WebappClassLoaderBase clearReferencesThreads
SEVERE: The web application [/roboweb] appears to have started a thread named [Abandoned connection cleanup thread] but has failed to stop it. This is very likely to create a memory leak.
Oct 19, 2017 12:20:33 PM org.apache.catalina.startup.HostConfig deployWAR
INFO: Deploying web application archive /home/c2-4/codebase/cloud_code/apache-tomcat-7.0.81/webapps/roboweb.war
Oct 19, 2017 12:20:33 PM org.apache.catalina.startup.SetContextPropertiesRule begin
WARNING: [SetContextPropertiesRule]{Context} Setting property 'debug' to '1' did not find a matching property.
Oct 19, 2017 12:20:34 PM org.apache.catalina.loader.WebappClassLoaderBase validateJarFile
INFO: validateJarFile(/home/c2-4/codebase/cloud_code/apache-tomcat-7.0.81/webapps/roboweb/WEB-INF/lib/javax.servlet-3.0.jar) - jar not loaded. See Servlet Spec 3.0, section 10.7.2. Offending class: javax/servlet/Servlet.class
Oct 19, 2017 12:20:34 PM org.apache.catalina.startup.TaglibUriRule body
INFO: TLD skipped. URI: urn:com:sun:jersey:api:view is already defined
Oct 19, 2017 12:20:34 PM org.apache.catalina.startup.TldConfig execute
INFO: At least one JAR was scanned for TLDs yet contained no TLDs. Enable debug logging for this logger for a complete list of JARs that were scanned but no TLDs were found in them. Skipping unneeded JARs during scanning can improve startup time and JSP compilation time.
Oct 19, 2017 12:20:34 PM com.sun.jersey.api.core.PackagesResourceConfig init
INFO: Scanning for root resource and provider classes in the packages:
  ServerService
Oct 19, 2017 12:20:34 PM com.sun.jersey.api.core.ScanningResourceConfig logClasses
INFO: Root resource classes found:
  class ServerService.RestServerService
Oct 19, 2017 12:20:34 PM com.sun.jersey.api.core.ScanningResourceConfig init
INFO: No provider classes found.
Oct 19, 2017 12:20:34 PM com.sun.jersey.server.impl.application.WebApplicationImpl _initiate
INFO: Initiating Jersey application, version 'Jersey: 1.19 02/11/2015 05:39 AM'
Oct 19, 2017 12:20:34 PM org.apache.catalina.startup.HostConfig deployWAR
INFO: Deployment of web application archive /home/c2-4/codebase/cloud_code/apache-tomcat-7.0.81/webapps/roboweb.war has finished in 1,249 ms
Oct 19, 2017 12:36:43 PM org.apache.catalina.core.StandardServer await
INFO: A valid shutdown command was received via the shutdown port. Stopping the Server instance.
Oct 19, 2017 12:36:43 PM org.apache.coyote.AbstractProtocol pause
INFO: Pausing ProtocolHandler ["http-bio-8080"]
Oct 19, 2017 12:36:43 PM org.apache.coyote.AbstractProtocol pause
INFO: Pausing ProtocolHandler ["ajp-bio-8009"]
Oct 19, 2017 12:36:43 PM org.apache.catalina.core.StandardService stopInternal
INFO: Stopping service Catalina
Oct 19, 2017 12:36:43 PM org.apache.coyote.AbstractProtocol stop
INFO: Stopping ProtocolHandler ["http-bio-8080"]
Oct 19, 2017 12:36:43 PM org.apache.coyote.AbstractProtocol stop
INFO: Stopping ProtocolHandler ["ajp-bio-8009"]
Oct 19, 2017 12:36:43 PM org.apache.coyote.AbstractProtocol destroy
INFO: Destroying ProtocolHandler ["http-bio-8080"]
Oct 19, 2017 12:36:43 PM org.apache.coyote.AbstractProtocol destroy
INFO: Destroying ProtocolHandler ["ajp-bio-8009"]
