Oct 23, 2017 2:55:43 AM org.apache.catalina.core.StandardContext listenerStart
SEVERE: Error configuring application listener of class listeners.ContextListener
java.lang.ClassNotFoundException: listeners.ContextListener
	at org.apache.catalina.loader.WebappClassLoaderBase.loadClass(WebappClassLoaderBase.java:1892)
	at org.apache.catalina.loader.WebappClassLoaderBase.loadClass(WebappClassLoaderBase.java:1735)
	at org.apache.catalina.core.DefaultInstanceManager.loadClass(DefaultInstanceManager.java:495)
	at org.apache.catalina.core.DefaultInstanceManager.loadClassMaybePrivileged(DefaultInstanceManager.java:477)
	at org.apache.catalina.core.DefaultInstanceManager.newInstance(DefaultInstanceManager.java:113)
	at org.apache.catalina.core.StandardContext.listenerStart(StandardContext.java:5026)
	at org.apache.catalina.core.StandardContext.startInternal(StandardContext.java:5633)
	at org.apache.catalina.util.LifecycleBase.start(LifecycleBase.java:145)
	at org.apache.catalina.core.ContainerBase.addChildInternal(ContainerBase.java:1009)
	at org.apache.catalina.core.ContainerBase.addChild(ContainerBase.java:985)
	at org.apache.catalina.core.StandardHost.addChild(StandardHost.java:652)
	at org.apache.catalina.startup.HostConfig.deployDirectory(HostConfig.java:1296)
	at org.apache.catalina.startup.HostConfig$DeployDirectory.run(HostConfig.java:2038)
	at java.util.concurrent.Executors$RunnableAdapter.call(Executors.java:511)
	at java.util.concurrent.FutureTask.run(FutureTask.java:266)
	at java.util.concurrent.ThreadPoolExecutor.runWorker(ThreadPoolExecutor.java:1149)
	at java.util.concurrent.ThreadPoolExecutor$Worker.run(ThreadPoolExecutor.java:624)
	at java.lang.Thread.run(Thread.java:748)

Oct 23, 2017 2:55:43 AM org.apache.catalina.core.StandardContext listenerStart
SEVERE: Error configuring application listener of class listeners.SessionListener
java.lang.ClassNotFoundException: listeners.SessionListener
	at org.apache.catalina.loader.WebappClassLoaderBase.loadClass(WebappClassLoaderBase.java:1892)
	at org.apache.catalina.loader.WebappClassLoaderBase.loadClass(WebappClassLoaderBase.java:1735)
	at org.apache.catalina.core.DefaultInstanceManager.loadClass(DefaultInstanceManager.java:495)
	at org.apache.catalina.core.DefaultInstanceManager.loadClassMaybePrivileged(DefaultInstanceManager.java:477)
	at org.apache.catalina.core.DefaultInstanceManager.newInstance(DefaultInstanceManager.java:113)
	at org.apache.catalina.core.StandardContext.listenerStart(StandardContext.java:5026)
	at org.apache.catalina.core.StandardContext.startInternal(StandardContext.java:5633)
	at org.apache.catalina.util.LifecycleBase.start(LifecycleBase.java:145)
	at org.apache.catalina.core.ContainerBase.addChildInternal(ContainerBase.java:1009)
	at org.apache.catalina.core.ContainerBase.addChild(ContainerBase.java:985)
	at org.apache.catalina.core.StandardHost.addChild(StandardHost.java:652)
	at org.apache.catalina.startup.HostConfig.deployDirectory(HostConfig.java:1296)
	at org.apache.catalina.startup.HostConfig$DeployDirectory.run(HostConfig.java:2038)
	at java.util.concurrent.Executors$RunnableAdapter.call(Executors.java:511)
	at java.util.concurrent.FutureTask.run(FutureTask.java:266)
	at java.util.concurrent.ThreadPoolExecutor.runWorker(ThreadPoolExecutor.java:1149)
	at java.util.concurrent.ThreadPoolExecutor$Worker.run(ThreadPoolExecutor.java:624)
	at java.lang.Thread.run(Thread.java:748)

Oct 23, 2017 2:55:43 AM org.apache.catalina.core.StandardContext listenerStart
SEVERE: Error configuring application listener of class websocket.drawboard.DrawboardContextListener
java.lang.ClassNotFoundException: websocket.drawboard.DrawboardContextListener
	at org.apache.catalina.loader.WebappClassLoaderBase.loadClass(WebappClassLoaderBase.java:1892)
	at org.apache.catalina.loader.WebappClassLoaderBase.loadClass(WebappClassLoaderBase.java:1735)
	at org.apache.catalina.core.DefaultInstanceManager.loadClass(DefaultInstanceManager.java:495)
	at org.apache.catalina.core.DefaultInstanceManager.loadClassMaybePrivileged(DefaultInstanceManager.java:477)
	at org.apache.catalina.core.DefaultInstanceManager.newInstance(DefaultInstanceManager.java:113)
	at org.apache.catalina.core.StandardContext.listenerStart(StandardContext.java:5026)
	at org.apache.catalina.core.StandardContext.startInternal(StandardContext.java:5633)
	at org.apache.catalina.util.LifecycleBase.start(LifecycleBase.java:145)
	at org.apache.catalina.core.ContainerBase.addChildInternal(ContainerBase.java:1009)
	at org.apache.catalina.core.ContainerBase.addChild(ContainerBase.java:985)
	at org.apache.catalina.core.StandardHost.addChild(StandardHost.java:652)
	at org.apache.catalina.startup.HostConfig.deployDirectory(HostConfig.java:1296)
	at org.apache.catalina.startup.HostConfig$DeployDirectory.run(HostConfig.java:2038)
	at java.util.concurrent.Executors$RunnableAdapter.call(Executors.java:511)
	at java.util.concurrent.FutureTask.run(FutureTask.java:266)
	at java.util.concurrent.ThreadPoolExecutor.runWorker(ThreadPoolExecutor.java:1149)
	at java.util.concurrent.ThreadPoolExecutor$Worker.run(ThreadPoolExecutor.java:624)
	at java.lang.Thread.run(Thread.java:748)

Oct 23, 2017 2:55:43 AM org.apache.catalina.core.StandardContext listenerStart
SEVERE: Skipped installing application listeners due to previous error(s)
Oct 23, 2017 12:01:53 PM org.apache.catalina.core.StandardContext listenerStart
SEVERE: Error configuring application listener of class listeners.ContextListener
java.lang.ClassNotFoundException: listeners.ContextListener
	at org.apache.catalina.loader.WebappClassLoaderBase.loadClass(WebappClassLoaderBase.java:1892)
	at org.apache.catalina.loader.WebappClassLoaderBase.loadClass(WebappClassLoaderBase.java:1735)
	at org.apache.catalina.core.DefaultInstanceManager.loadClass(DefaultInstanceManager.java:495)
	at org.apache.catalina.core.DefaultInstanceManager.loadClassMaybePrivileged(DefaultInstanceManager.java:477)
	at org.apache.catalina.core.DefaultInstanceManager.newInstance(DefaultInstanceManager.java:113)
	at org.apache.catalina.core.StandardContext.listenerStart(StandardContext.java:5026)
	at org.apache.catalina.core.StandardContext.startInternal(StandardContext.java:5633)
	at org.apache.catalina.util.LifecycleBase.start(LifecycleBase.java:145)
	at org.apache.catalina.core.ContainerBase.addChildInternal(ContainerBase.java:1009)
	at org.apache.catalina.core.ContainerBase.addChild(ContainerBase.java:985)
	at org.apache.catalina.core.StandardHost.addChild(StandardHost.java:652)
	at org.apache.catalina.startup.HostConfig.deployDirectory(HostConfig.java:1296)
	at org.apache.catalina.startup.HostConfig$DeployDirectory.run(HostConfig.java:2038)
	at java.util.concurrent.Executors$RunnableAdapter.call(Executors.java:511)
	at java.util.concurrent.FutureTask.run(FutureTask.java:266)
	at java.util.concurrent.ThreadPoolExecutor.runWorker(ThreadPoolExecutor.java:1149)
	at java.util.concurrent.ThreadPoolExecutor$Worker.run(ThreadPoolExecutor.java:624)
	at java.lang.Thread.run(Thread.java:748)

Oct 23, 2017 12:01:53 PM org.apache.catalina.core.StandardContext listenerStart
SEVERE: Error configuring application listener of class listeners.SessionListener
java.lang.ClassNotFoundException: listeners.SessionListener
	at org.apache.catalina.loader.WebappClassLoaderBase.loadClass(WebappClassLoaderBase.java:1892)
	at org.apache.catalina.loader.WebappClassLoaderBase.loadClass(WebappClassLoaderBase.java:1735)
	at org.apache.catalina.core.DefaultInstanceManager.loadClass(DefaultInstanceManager.java:495)
	at org.apache.catalina.core.DefaultInstanceManager.loadClassMaybePrivileged(DefaultInstanceManager.java:477)
	at org.apache.catalina.core.DefaultInstanceManager.newInstance(DefaultInstanceManager.java:113)
	at org.apache.catalina.core.StandardContext.listenerStart(StandardContext.java:5026)
	at org.apache.catalina.core.StandardContext.startInternal(StandardContext.java:5633)
	at org.apache.catalina.util.LifecycleBase.start(LifecycleBase.java:145)
	at org.apache.catalina.core.ContainerBase.addChildInternal(ContainerBase.java:1009)
	at org.apache.catalina.core.ContainerBase.addChild(ContainerBase.java:985)
	at org.apache.catalina.core.StandardHost.addChild(StandardHost.java:652)
	at org.apache.catalina.startup.HostConfig.deployDirectory(HostConfig.java:1296)
	at org.apache.catalina.startup.HostConfig$DeployDirectory.run(HostConfig.java:2038)
	at java.util.concurrent.Executors$RunnableAdapter.call(Executors.java:511)
	at java.util.concurrent.FutureTask.run(FutureTask.java:266)
	at java.util.concurrent.ThreadPoolExecutor.runWorker(ThreadPoolExecutor.java:1149)
	at java.util.concurrent.ThreadPoolExecutor$Worker.run(ThreadPoolExecutor.java:624)
	at java.lang.Thread.run(Thread.java:748)

Oct 23, 2017 12:01:53 PM org.apache.catalina.core.StandardContext listenerStart
SEVERE: Error configuring application listener of class websocket.drawboard.DrawboardContextListener
java.lang.ClassNotFoundException: websocket.drawboard.DrawboardContextListener
	at org.apache.catalina.loader.WebappClassLoaderBase.loadClass(WebappClassLoaderBase.java:1892)
	at org.apache.catalina.loader.WebappClassLoaderBase.loadClass(WebappClassLoaderBase.java:1735)
	at org.apache.catalina.core.DefaultInstanceManager.loadClass(DefaultInstanceManager.java:495)
	at org.apache.catalina.core.DefaultInstanceManager.loadClassMaybePrivileged(DefaultInstanceManager.java:477)
	at org.apache.catalina.core.DefaultInstanceManager.newInstance(DefaultInstanceManager.java:113)
	at org.apache.catalina.core.StandardContext.listenerStart(StandardContext.java:5026)
	at org.apache.catalina.core.StandardContext.startInternal(StandardContext.java:5633)
	at org.apache.catalina.util.LifecycleBase.start(LifecycleBase.java:145)
	at org.apache.catalina.core.ContainerBase.addChildInternal(ContainerBase.java:1009)
	at org.apache.catalina.core.ContainerBase.addChild(ContainerBase.java:985)
	at org.apache.catalina.core.StandardHost.addChild(StandardHost.java:652)
	at org.apache.catalina.startup.HostConfig.deployDirectory(HostConfig.java:1296)
	at org.apache.catalina.startup.HostConfig$DeployDirectory.run(HostConfig.java:2038)
	at java.util.concurrent.Executors$RunnableAdapter.call(Executors.java:511)
	at java.util.concurrent.FutureTask.run(FutureTask.java:266)
	at java.util.concurrent.ThreadPoolExecutor.runWorker(ThreadPoolExecutor.java:1149)
	at java.util.concurrent.ThreadPoolExecutor$Worker.run(ThreadPoolExecutor.java:624)
	at java.lang.Thread.run(Thread.java:748)

Oct 23, 2017 12:01:53 PM org.apache.catalina.core.StandardContext listenerStart
SEVERE: Skipped installing application listeners due to previous error(s)
Oct 23, 2017 12:10:30 PM org.apache.catalina.core.StandardContext listenerStart
SEVERE: Error configuring application listener of class listeners.ContextListener
java.lang.ClassNotFoundException: listeners.ContextListener
	at org.apache.catalina.loader.WebappClassLoaderBase.loadClass(WebappClassLoaderBase.java:1892)
	at org.apache.catalina.loader.WebappClassLoaderBase.loadClass(WebappClassLoaderBase.java:1735)
	at org.apache.catalina.core.DefaultInstanceManager.loadClass(DefaultInstanceManager.java:495)
	at org.apache.catalina.core.DefaultInstanceManager.loadClassMaybePrivileged(DefaultInstanceManager.java:477)
	at org.apache.catalina.core.DefaultInstanceManager.newInstance(DefaultInstanceManager.java:113)
	at org.apache.catalina.core.StandardContext.listenerStart(StandardContext.java:5026)
	at org.apache.catalina.core.StandardContext.startInternal(StandardContext.java:5633)
	at org.apache.catalina.util.LifecycleBase.start(LifecycleBase.java:145)
	at org.apache.catalina.core.ContainerBase.addChildInternal(ContainerBase.java:1009)
	at org.apache.catalina.core.ContainerBase.addChild(ContainerBase.java:985)
	at org.apache.catalina.core.StandardHost.addChild(StandardHost.java:652)
	at org.apache.catalina.startup.HostConfig.deployDirectory(HostConfig.java:1296)
	at org.apache.catalina.startup.HostConfig$DeployDirectory.run(HostConfig.java:2038)
	at java.util.concurrent.Executors$RunnableAdapter.call(Executors.java:511)
	at java.util.concurrent.FutureTask.run(FutureTask.java:266)
	at java.util.concurrent.ThreadPoolExecutor.runWorker(ThreadPoolExecutor.java:1149)
	at java.util.concurrent.ThreadPoolExecutor$Worker.run(ThreadPoolExecutor.java:624)
	at java.lang.Thread.run(Thread.java:748)

Oct 23, 2017 12:10:30 PM org.apache.catalina.core.StandardContext listenerStart
SEVERE: Error configuring application listener of class listeners.SessionListener
java.lang.ClassNotFoundException: listeners.SessionListener
	at org.apache.catalina.loader.WebappClassLoaderBase.loadClass(WebappClassLoaderBase.java:1892)
	at org.apache.catalina.loader.WebappClassLoaderBase.loadClass(WebappClassLoaderBase.java:1735)
	at org.apache.catalina.core.DefaultInstanceManager.loadClass(DefaultInstanceManager.java:495)
	at org.apache.catalina.core.DefaultInstanceManager.loadClassMaybePrivileged(DefaultInstanceManager.java:477)
	at org.apache.catalina.core.DefaultInstanceManager.newInstance(DefaultInstanceManager.java:113)
	at org.apache.catalina.core.StandardContext.listenerStart(StandardContext.java:5026)
	at org.apache.catalina.core.StandardContext.startInternal(StandardContext.java:5633)
	at org.apache.catalina.util.LifecycleBase.start(LifecycleBase.java:145)
	at org.apache.catalina.core.ContainerBase.addChildInternal(ContainerBase.java:1009)
	at org.apache.catalina.core.ContainerBase.addChild(ContainerBase.java:985)
	at org.apache.catalina.core.StandardHost.addChild(StandardHost.java:652)
	at org.apache.catalina.startup.HostConfig.deployDirectory(HostConfig.java:1296)
	at org.apache.catalina.startup.HostConfig$DeployDirectory.run(HostConfig.java:2038)
	at java.util.concurrent.Executors$RunnableAdapter.call(Executors.java:511)
	at java.util.concurrent.FutureTask.run(FutureTask.java:266)
	at java.util.concurrent.ThreadPoolExecutor.runWorker(ThreadPoolExecutor.java:1149)
	at java.util.concurrent.ThreadPoolExecutor$Worker.run(ThreadPoolExecutor.java:624)
	at java.lang.Thread.run(Thread.java:748)

Oct 23, 2017 12:10:30 PM org.apache.catalina.core.StandardContext listenerStart
SEVERE: Error configuring application listener of class websocket.drawboard.DrawboardContextListener
java.lang.ClassNotFoundException: websocket.drawboard.DrawboardContextListener
	at org.apache.catalina.loader.WebappClassLoaderBase.loadClass(WebappClassLoaderBase.java:1892)
	at org.apache.catalina.loader.WebappClassLoaderBase.loadClass(WebappClassLoaderBase.java:1735)
	at org.apache.catalina.core.DefaultInstanceManager.loadClass(DefaultInstanceManager.java:495)
	at org.apache.catalina.core.DefaultInstanceManager.loadClassMaybePrivileged(DefaultInstanceManager.java:477)
	at org.apache.catalina.core.DefaultInstanceManager.newInstance(DefaultInstanceManager.java:113)
	at org.apache.catalina.core.StandardContext.listenerStart(StandardContext.java:5026)
	at org.apache.catalina.core.StandardContext.startInternal(StandardContext.java:5633)
	at org.apache.catalina.util.LifecycleBase.start(LifecycleBase.java:145)
	at org.apache.catalina.core.ContainerBase.addChildInternal(ContainerBase.java:1009)
	at org.apache.catalina.core.ContainerBase.addChild(ContainerBase.java:985)
	at org.apache.catalina.core.StandardHost.addChild(StandardHost.java:652)
	at org.apache.catalina.startup.HostConfig.deployDirectory(HostConfig.java:1296)
	at org.apache.catalina.startup.HostConfig$DeployDirectory.run(HostConfig.java:2038)
	at java.util.concurrent.Executors$RunnableAdapter.call(Executors.java:511)
	at java.util.concurrent.FutureTask.run(FutureTask.java:266)
	at java.util.concurrent.ThreadPoolExecutor.runWorker(ThreadPoolExecutor.java:1149)
	at java.util.concurrent.ThreadPoolExecutor$Worker.run(ThreadPoolExecutor.java:624)
	at java.lang.Thread.run(Thread.java:748)

Oct 23, 2017 12:10:30 PM org.apache.catalina.core.StandardContext listenerStart
SEVERE: Skipped installing application listeners due to previous error(s)
Oct 23, 2017 12:14:08 PM org.apache.catalina.core.StandardContext listenerStart
SEVERE: Error configuring application listener of class listeners.ContextListener
java.lang.ClassNotFoundException: listeners.ContextListener
	at org.apache.catalina.loader.WebappClassLoaderBase.loadClass(WebappClassLoaderBase.java:1892)
	at org.apache.catalina.loader.WebappClassLoaderBase.loadClass(WebappClassLoaderBase.java:1735)
	at org.apache.catalina.core.DefaultInstanceManager.loadClass(DefaultInstanceManager.java:495)
	at org.apache.catalina.core.DefaultInstanceManager.loadClassMaybePrivileged(DefaultInstanceManager.java:477)
	at org.apache.catalina.core.DefaultInstanceManager.newInstance(DefaultInstanceManager.java:113)
	at org.apache.catalina.core.StandardContext.listenerStart(StandardContext.java:5026)
	at org.apache.catalina.core.StandardContext.startInternal(StandardContext.java:5633)
	at org.apache.catalina.util.LifecycleBase.start(LifecycleBase.java:145)
	at org.apache.catalina.core.ContainerBase.addChildInternal(ContainerBase.java:1009)
	at org.apache.catalina.core.ContainerBase.addChild(ContainerBase.java:985)
	at org.apache.catalina.core.StandardHost.addChild(StandardHost.java:652)
	at org.apache.catalina.startup.HostConfig.deployDirectory(HostConfig.java:1296)
	at org.apache.catalina.startup.HostConfig$DeployDirectory.run(HostConfig.java:2038)
	at java.util.concurrent.Executors$RunnableAdapter.call(Executors.java:511)
	at java.util.concurrent.FutureTask.run(FutureTask.java:266)
	at java.util.concurrent.ThreadPoolExecutor.runWorker(ThreadPoolExecutor.java:1149)
	at java.util.concurrent.ThreadPoolExecutor$Worker.run(ThreadPoolExecutor.java:624)
	at java.lang.Thread.run(Thread.java:748)

Oct 23, 2017 12:14:08 PM org.apache.catalina.core.StandardContext listenerStart
SEVERE: Error configuring application listener of class listeners.SessionListener
java.lang.ClassNotFoundException: listeners.SessionListener
	at org.apache.catalina.loader.WebappClassLoaderBase.loadClass(WebappClassLoaderBase.java:1892)
	at org.apache.catalina.loader.WebappClassLoaderBase.loadClass(WebappClassLoaderBase.java:1735)
	at org.apache.catalina.core.DefaultInstanceManager.loadClass(DefaultInstanceManager.java:495)
	at org.apache.catalina.core.DefaultInstanceManager.loadClassMaybePrivileged(DefaultInstanceManager.java:477)
	at org.apache.catalina.core.DefaultInstanceManager.newInstance(DefaultInstanceManager.java:113)
	at org.apache.catalina.core.StandardContext.listenerStart(StandardContext.java:5026)
	at org.apache.catalina.core.StandardContext.startInternal(StandardContext.java:5633)
	at org.apache.catalina.util.LifecycleBase.start(LifecycleBase.java:145)
	at org.apache.catalina.core.ContainerBase.addChildInternal(ContainerBase.java:1009)
	at org.apache.catalina.core.ContainerBase.addChild(ContainerBase.java:985)
	at org.apache.catalina.core.StandardHost.addChild(StandardHost.java:652)
	at org.apache.catalina.startup.HostConfig.deployDirectory(HostConfig.java:1296)
	at org.apache.catalina.startup.HostConfig$DeployDirectory.run(HostConfig.java:2038)
	at java.util.concurrent.Executors$RunnableAdapter.call(Executors.java:511)
	at java.util.concurrent.FutureTask.run(FutureTask.java:266)
	at java.util.concurrent.ThreadPoolExecutor.runWorker(ThreadPoolExecutor.java:1149)
	at java.util.concurrent.ThreadPoolExecutor$Worker.run(ThreadPoolExecutor.java:624)
	at java.lang.Thread.run(Thread.java:748)

Oct 23, 2017 12:14:08 PM org.apache.catalina.core.StandardContext listenerStart
SEVERE: Error configuring application listener of class websocket.drawboard.DrawboardContextListener
java.lang.ClassNotFoundException: websocket.drawboard.DrawboardContextListener
	at org.apache.catalina.loader.WebappClassLoaderBase.loadClass(WebappClassLoaderBase.java:1892)
	at org.apache.catalina.loader.WebappClassLoaderBase.loadClass(WebappClassLoaderBase.java:1735)
	at org.apache.catalina.core.DefaultInstanceManager.loadClass(DefaultInstanceManager.java:495)
	at org.apache.catalina.core.DefaultInstanceManager.loadClassMaybePrivileged(DefaultInstanceManager.java:477)
	at org.apache.catalina.core.DefaultInstanceManager.newInstance(DefaultInstanceManager.java:113)
	at org.apache.catalina.core.StandardContext.listenerStart(StandardContext.java:5026)
	at org.apache.catalina.core.StandardContext.startInternal(StandardContext.java:5633)
	at org.apache.catalina.util.LifecycleBase.start(LifecycleBase.java:145)
	at org.apache.catalina.core.ContainerBase.addChildInternal(ContainerBase.java:1009)
	at org.apache.catalina.core.ContainerBase.addChild(ContainerBase.java:985)
	at org.apache.catalina.core.StandardHost.addChild(StandardHost.java:652)
	at org.apache.catalina.startup.HostConfig.deployDirectory(HostConfig.java:1296)
	at org.apache.catalina.startup.HostConfig$DeployDirectory.run(HostConfig.java:2038)
	at java.util.concurrent.Executors$RunnableAdapter.call(Executors.java:511)
	at java.util.concurrent.FutureTask.run(FutureTask.java:266)
	at java.util.concurrent.ThreadPoolExecutor.runWorker(ThreadPoolExecutor.java:1149)
	at java.util.concurrent.ThreadPoolExecutor$Worker.run(ThreadPoolExecutor.java:624)
	at java.lang.Thread.run(Thread.java:748)

Oct 23, 2017 12:14:08 PM org.apache.catalina.core.StandardContext listenerStart
SEVERE: Skipped installing application listeners due to previous error(s)
Oct 23, 2017 12:15:43 PM org.apache.catalina.core.StandardContext listenerStart
SEVERE: Error configuring application listener of class listeners.ContextListener
java.lang.ClassNotFoundException: listeners.ContextListener
	at org.apache.catalina.loader.WebappClassLoaderBase.loadClass(WebappClassLoaderBase.java:1892)
	at org.apache.catalina.loader.WebappClassLoaderBase.loadClass(WebappClassLoaderBase.java:1735)
	at org.apache.catalina.core.DefaultInstanceManager.loadClass(DefaultInstanceManager.java:495)
	at org.apache.catalina.core.DefaultInstanceManager.loadClassMaybePrivileged(DefaultInstanceManager.java:477)
	at org.apache.catalina.core.DefaultInstanceManager.newInstance(DefaultInstanceManager.java:113)
	at org.apache.catalina.core.StandardContext.listenerStart(StandardContext.java:5026)
	at org.apache.catalina.core.StandardContext.startInternal(StandardContext.java:5633)
	at org.apache.catalina.util.LifecycleBase.start(LifecycleBase.java:145)
	at org.apache.catalina.core.ContainerBase.addChildInternal(ContainerBase.java:1009)
	at org.apache.catalina.core.ContainerBase.addChild(ContainerBase.java:985)
	at org.apache.catalina.core.StandardHost.addChild(StandardHost.java:652)
	at org.apache.catalina.startup.HostConfig.deployDirectory(HostConfig.java:1296)
	at org.apache.catalina.startup.HostConfig$DeployDirectory.run(HostConfig.java:2038)
	at java.util.concurrent.Executors$RunnableAdapter.call(Executors.java:511)
	at java.util.concurrent.FutureTask.run(FutureTask.java:266)
	at java.util.concurrent.ThreadPoolExecutor.runWorker(ThreadPoolExecutor.java:1149)
	at java.util.concurrent.ThreadPoolExecutor$Worker.run(ThreadPoolExecutor.java:624)
	at java.lang.Thread.run(Thread.java:748)

Oct 23, 2017 12:15:43 PM org.apache.catalina.core.StandardContext listenerStart
SEVERE: Error configuring application listener of class listeners.SessionListener
java.lang.ClassNotFoundException: listeners.SessionListener
	at org.apache.catalina.loader.WebappClassLoaderBase.loadClass(WebappClassLoaderBase.java:1892)
	at org.apache.catalina.loader.WebappClassLoaderBase.loadClass(WebappClassLoaderBase.java:1735)
	at org.apache.catalina.core.DefaultInstanceManager.loadClass(DefaultInstanceManager.java:495)
	at org.apache.catalina.core.DefaultInstanceManager.loadClassMaybePrivileged(DefaultInstanceManager.java:477)
	at org.apache.catalina.core.DefaultInstanceManager.newInstance(DefaultInstanceManager.java:113)
	at org.apache.catalina.core.StandardContext.listenerStart(StandardContext.java:5026)
	at org.apache.catalina.core.StandardContext.startInternal(StandardContext.java:5633)
	at org.apache.catalina.util.LifecycleBase.start(LifecycleBase.java:145)
	at org.apache.catalina.core.ContainerBase.addChildInternal(ContainerBase.java:1009)
	at org.apache.catalina.core.ContainerBase.addChild(ContainerBase.java:985)
	at org.apache.catalina.core.StandardHost.addChild(StandardHost.java:652)
	at org.apache.catalina.startup.HostConfig.deployDirectory(HostConfig.java:1296)
	at org.apache.catalina.startup.HostConfig$DeployDirectory.run(HostConfig.java:2038)
	at java.util.concurrent.Executors$RunnableAdapter.call(Executors.java:511)
	at java.util.concurrent.FutureTask.run(FutureTask.java:266)
	at java.util.concurrent.ThreadPoolExecutor.runWorker(ThreadPoolExecutor.java:1149)
	at java.util.concurrent.ThreadPoolExecutor$Worker.run(ThreadPoolExecutor.java:624)
	at java.lang.Thread.run(Thread.java:748)

Oct 23, 2017 12:15:43 PM org.apache.catalina.core.StandardContext listenerStart
SEVERE: Error configuring application listener of class websocket.drawboard.DrawboardContextListener
java.lang.ClassNotFoundException: websocket.drawboard.DrawboardContextListener
	at org.apache.catalina.loader.WebappClassLoaderBase.loadClass(WebappClassLoaderBase.java:1892)
	at org.apache.catalina.loader.WebappClassLoaderBase.loadClass(WebappClassLoaderBase.java:1735)
	at org.apache.catalina.core.DefaultInstanceManager.loadClass(DefaultInstanceManager.java:495)
	at org.apache.catalina.core.DefaultInstanceManager.loadClassMaybePrivileged(DefaultInstanceManager.java:477)
	at org.apache.catalina.core.DefaultInstanceManager.newInstance(DefaultInstanceManager.java:113)
	at org.apache.catalina.core.StandardContext.listenerStart(StandardContext.java:5026)
	at org.apache.catalina.core.StandardContext.startInternal(StandardContext.java:5633)
	at org.apache.catalina.util.LifecycleBase.start(LifecycleBase.java:145)
	at org.apache.catalina.core.ContainerBase.addChildInternal(ContainerBase.java:1009)
	at org.apache.catalina.core.ContainerBase.addChild(ContainerBase.java:985)
	at org.apache.catalina.core.StandardHost.addChild(StandardHost.java:652)
	at org.apache.catalina.startup.HostConfig.deployDirectory(HostConfig.java:1296)
	at org.apache.catalina.startup.HostConfig$DeployDirectory.run(HostConfig.java:2038)
	at java.util.concurrent.Executors$RunnableAdapter.call(Executors.java:511)
	at java.util.concurrent.FutureTask.run(FutureTask.java:266)
	at java.util.concurrent.ThreadPoolExecutor.runWorker(ThreadPoolExecutor.java:1149)
	at java.util.concurrent.ThreadPoolExecutor$Worker.run(ThreadPoolExecutor.java:624)
	at java.lang.Thread.run(Thread.java:748)

Oct 23, 2017 12:15:43 PM org.apache.catalina.core.StandardContext listenerStart
SEVERE: Skipped installing application listeners due to previous error(s)
Oct 23, 2017 5:49:32 PM org.apache.catalina.core.StandardContext listenerStart
SEVERE: Error configuring application listener of class listeners.ContextListener
java.lang.ClassNotFoundException: listeners.ContextListener
	at org.apache.catalina.loader.WebappClassLoaderBase.loadClass(WebappClassLoaderBase.java:1892)
	at org.apache.catalina.loader.WebappClassLoaderBase.loadClass(WebappClassLoaderBase.java:1735)
	at org.apache.catalina.core.DefaultInstanceManager.loadClass(DefaultInstanceManager.java:495)
	at org.apache.catalina.core.DefaultInstanceManager.loadClassMaybePrivileged(DefaultInstanceManager.java:477)
	at org.apache.catalina.core.DefaultInstanceManager.newInstance(DefaultInstanceManager.java:113)
	at org.apache.catalina.core.StandardContext.listenerStart(StandardContext.java:5026)
	at org.apache.catalina.core.StandardContext.startInternal(StandardContext.java:5633)
	at org.apache.catalina.util.LifecycleBase.start(LifecycleBase.java:145)
	at org.apache.catalina.core.ContainerBase.addChildInternal(ContainerBase.java:1009)
	at org.apache.catalina.core.ContainerBase.addChild(ContainerBase.java:985)
	at org.apache.catalina.core.StandardHost.addChild(StandardHost.java:652)
	at org.apache.catalina.startup.HostConfig.deployDirectory(HostConfig.java:1296)
	at org.apache.catalina.startup.HostConfig$DeployDirectory.run(HostConfig.java:2038)
	at java.util.concurrent.Executors$RunnableAdapter.call(Executors.java:511)
	at java.util.concurrent.FutureTask.run(FutureTask.java:266)
	at java.util.concurrent.ThreadPoolExecutor.runWorker(ThreadPoolExecutor.java:1149)
	at java.util.concurrent.ThreadPoolExecutor$Worker.run(ThreadPoolExecutor.java:624)
	at java.lang.Thread.run(Thread.java:748)

Oct 23, 2017 5:49:32 PM org.apache.catalina.core.StandardContext listenerStart
SEVERE: Error configuring application listener of class listeners.SessionListener
java.lang.ClassNotFoundException: listeners.SessionListener
	at org.apache.catalina.loader.WebappClassLoaderBase.loadClass(WebappClassLoaderBase.java:1892)
	at org.apache.catalina.loader.WebappClassLoaderBase.loadClass(WebappClassLoaderBase.java:1735)
	at org.apache.catalina.core.DefaultInstanceManager.loadClass(DefaultInstanceManager.java:495)
	at org.apache.catalina.core.DefaultInstanceManager.loadClassMaybePrivileged(DefaultInstanceManager.java:477)
	at org.apache.catalina.core.DefaultInstanceManager.newInstance(DefaultInstanceManager.java:113)
	at org.apache.catalina.core.StandardContext.listenerStart(StandardContext.java:5026)
	at org.apache.catalina.core.StandardContext.startInternal(StandardContext.java:5633)
	at org.apache.catalina.util.LifecycleBase.start(LifecycleBase.java:145)
	at org.apache.catalina.core.ContainerBase.addChildInternal(ContainerBase.java:1009)
	at org.apache.catalina.core.ContainerBase.addChild(ContainerBase.java:985)
	at org.apache.catalina.core.StandardHost.addChild(StandardHost.java:652)
	at org.apache.catalina.startup.HostConfig.deployDirectory(HostConfig.java:1296)
	at org.apache.catalina.startup.HostConfig$DeployDirectory.run(HostConfig.java:2038)
	at java.util.concurrent.Executors$RunnableAdapter.call(Executors.java:511)
	at java.util.concurrent.FutureTask.run(FutureTask.java:266)
	at java.util.concurrent.ThreadPoolExecutor.runWorker(ThreadPoolExecutor.java:1149)
	at java.util.concurrent.ThreadPoolExecutor$Worker.run(ThreadPoolExecutor.java:624)
	at java.lang.Thread.run(Thread.java:748)

Oct 23, 2017 5:49:32 PM org.apache.catalina.core.StandardContext listenerStart
SEVERE: Error configuring application listener of class websocket.drawboard.DrawboardContextListener
java.lang.ClassNotFoundException: websocket.drawboard.DrawboardContextListener
	at org.apache.catalina.loader.WebappClassLoaderBase.loadClass(WebappClassLoaderBase.java:1892)
	at org.apache.catalina.loader.WebappClassLoaderBase.loadClass(WebappClassLoaderBase.java:1735)
	at org.apache.catalina.core.DefaultInstanceManager.loadClass(DefaultInstanceManager.java:495)
	at org.apache.catalina.core.DefaultInstanceManager.loadClassMaybePrivileged(DefaultInstanceManager.java:477)
	at org.apache.catalina.core.DefaultInstanceManager.newInstance(DefaultInstanceManager.java:113)
	at org.apache.catalina.core.StandardContext.listenerStart(StandardContext.java:5026)
	at org.apache.catalina.core.StandardContext.startInternal(StandardContext.java:5633)
	at org.apache.catalina.util.LifecycleBase.start(LifecycleBase.java:145)
	at org.apache.catalina.core.ContainerBase.addChildInternal(ContainerBase.java:1009)
	at org.apache.catalina.core.ContainerBase.addChild(ContainerBase.java:985)
	at org.apache.catalina.core.StandardHost.addChild(StandardHost.java:652)
	at org.apache.catalina.startup.HostConfig.deployDirectory(HostConfig.java:1296)
	at org.apache.catalina.startup.HostConfig$DeployDirectory.run(HostConfig.java:2038)
	at java.util.concurrent.Executors$RunnableAdapter.call(Executors.java:511)
	at java.util.concurrent.FutureTask.run(FutureTask.java:266)
	at java.util.concurrent.ThreadPoolExecutor.runWorker(ThreadPoolExecutor.java:1149)
	at java.util.concurrent.ThreadPoolExecutor$Worker.run(ThreadPoolExecutor.java:624)
	at java.lang.Thread.run(Thread.java:748)

Oct 23, 2017 5:49:32 PM org.apache.catalina.core.StandardContext listenerStart
SEVERE: Skipped installing application listeners due to previous error(s)
Oct 23, 2017 5:50:24 PM org.apache.catalina.core.StandardWrapperValve invoke
SEVERE: Servlet.service() for servlet [scoreUpdate] in context with path [/roboweb] threw exception
java.lang.ArrayIndexOutOfBoundsException: 1
	at servlets.scoreUpdateServlet.doPost(scoreUpdateServlet.java:98)
	at javax.servlet.http.HttpServlet.service(HttpServlet.java:650)
	at javax.servlet.http.HttpServlet.service(HttpServlet.java:731)
	at org.apache.catalina.core.ApplicationFilterChain.internalDoFilter(ApplicationFilterChain.java:303)
	at org.apache.catalina.core.ApplicationFilterChain.doFilter(ApplicationFilterChain.java:208)
	at org.apache.tomcat.websocket.server.WsFilter.doFilter(WsFilter.java:52)
	at org.apache.catalina.core.ApplicationFilterChain.internalDoFilter(ApplicationFilterChain.java:241)
	at org.apache.catalina.core.ApplicationFilterChain.doFilter(ApplicationFilterChain.java:208)
	at org.apache.catalina.core.StandardWrapperValve.invoke(StandardWrapperValve.java:219)
	at org.apache.catalina.core.StandardContextValve.invoke(StandardContextValve.java:110)
	at org.apache.catalina.authenticator.AuthenticatorBase.invoke(AuthenticatorBase.java:506)
	at org.apache.catalina.core.StandardHostValve.invoke(StandardHostValve.java:169)
	at org.apache.catalina.valves.ErrorReportValve.invoke(ErrorReportValve.java:103)
	at org.apache.catalina.valves.AccessLogValve.invoke(AccessLogValve.java:962)
	at org.apache.catalina.core.StandardEngineValve.invoke(StandardEngineValve.java:116)
	at org.apache.catalina.connector.CoyoteAdapter.service(CoyoteAdapter.java:445)
	at org.apache.coyote.http11.AbstractHttp11Processor.process(AbstractHttp11Processor.java:1115)
	at org.apache.coyote.AbstractProtocol$AbstractConnectionHandler.process(AbstractProtocol.java:637)
	at org.apache.tomcat.util.net.JIoEndpoint$SocketProcessor.run(JIoEndpoint.java:318)
	at java.util.concurrent.ThreadPoolExecutor.runWorker(ThreadPoolExecutor.java:1149)
	at java.util.concurrent.ThreadPoolExecutor$Worker.run(ThreadPoolExecutor.java:624)
	at org.apache.tomcat.util.threads.TaskThread$WrappingRunnable.run(TaskThread.java:61)
	at java.lang.Thread.run(Thread.java:748)

Oct 23, 2017 5:57:19 PM org.apache.catalina.core.StandardContext listenerStart
SEVERE: Error configuring application listener of class listeners.ContextListener
java.lang.ClassNotFoundException: listeners.ContextListener
	at org.apache.catalina.loader.WebappClassLoaderBase.loadClass(WebappClassLoaderBase.java:1892)
	at org.apache.catalina.loader.WebappClassLoaderBase.loadClass(WebappClassLoaderBase.java:1735)
	at org.apache.catalina.core.DefaultInstanceManager.loadClass(DefaultInstanceManager.java:495)
	at org.apache.catalina.core.DefaultInstanceManager.loadClassMaybePrivileged(DefaultInstanceManager.java:477)
	at org.apache.catalina.core.DefaultInstanceManager.newInstance(DefaultInstanceManager.java:113)
	at org.apache.catalina.core.StandardContext.listenerStart(StandardContext.java:5026)
	at org.apache.catalina.core.StandardContext.startInternal(StandardContext.java:5633)
	at org.apache.catalina.util.LifecycleBase.start(LifecycleBase.java:145)
	at org.apache.catalina.core.ContainerBase.addChildInternal(ContainerBase.java:1009)
	at org.apache.catalina.core.ContainerBase.addChild(ContainerBase.java:985)
	at org.apache.catalina.core.StandardHost.addChild(StandardHost.java:652)
	at org.apache.catalina.startup.HostConfig.deployDirectory(HostConfig.java:1296)
	at org.apache.catalina.startup.HostConfig$DeployDirectory.run(HostConfig.java:2038)
	at java.util.concurrent.Executors$RunnableAdapter.call(Executors.java:511)
	at java.util.concurrent.FutureTask.run(FutureTask.java:266)
	at java.util.concurrent.ThreadPoolExecutor.runWorker(ThreadPoolExecutor.java:1149)
	at java.util.concurrent.ThreadPoolExecutor$Worker.run(ThreadPoolExecutor.java:624)
	at java.lang.Thread.run(Thread.java:748)

Oct 23, 2017 5:57:19 PM org.apache.catalina.core.StandardContext listenerStart
SEVERE: Error configuring application listener of class listeners.SessionListener
java.lang.ClassNotFoundException: listeners.SessionListener
	at org.apache.catalina.loader.WebappClassLoaderBase.loadClass(WebappClassLoaderBase.java:1892)
	at org.apache.catalina.loader.WebappClassLoaderBase.loadClass(WebappClassLoaderBase.java:1735)
	at org.apache.catalina.core.DefaultInstanceManager.loadClass(DefaultInstanceManager.java:495)
	at org.apache.catalina.core.DefaultInstanceManager.loadClassMaybePrivileged(DefaultInstanceManager.java:477)
	at org.apache.catalina.core.DefaultInstanceManager.newInstance(DefaultInstanceManager.java:113)
	at org.apache.catalina.core.StandardContext.listenerStart(StandardContext.java:5026)
	at org.apache.catalina.core.StandardContext.startInternal(StandardContext.java:5633)
	at org.apache.catalina.util.LifecycleBase.start(LifecycleBase.java:145)
	at org.apache.catalina.core.ContainerBase.addChildInternal(ContainerBase.java:1009)
	at org.apache.catalina.core.ContainerBase.addChild(ContainerBase.java:985)
	at org.apache.catalina.core.StandardHost.addChild(StandardHost.java:652)
	at org.apache.catalina.startup.HostConfig.deployDirectory(HostConfig.java:1296)
	at org.apache.catalina.startup.HostConfig$DeployDirectory.run(HostConfig.java:2038)
	at java.util.concurrent.Executors$RunnableAdapter.call(Executors.java:511)
	at java.util.concurrent.FutureTask.run(FutureTask.java:266)
	at java.util.concurrent.ThreadPoolExecutor.runWorker(ThreadPoolExecutor.java:1149)
	at java.util.concurrent.ThreadPoolExecutor$Worker.run(ThreadPoolExecutor.java:624)
	at java.lang.Thread.run(Thread.java:748)

Oct 23, 2017 5:57:19 PM org.apache.catalina.core.StandardContext listenerStart
SEVERE: Error configuring application listener of class websocket.drawboard.DrawboardContextListener
java.lang.ClassNotFoundException: websocket.drawboard.DrawboardContextListener
	at org.apache.catalina.loader.WebappClassLoaderBase.loadClass(WebappClassLoaderBase.java:1892)
	at org.apache.catalina.loader.WebappClassLoaderBase.loadClass(WebappClassLoaderBase.java:1735)
	at org.apache.catalina.core.DefaultInstanceManager.loadClass(DefaultInstanceManager.java:495)
	at org.apache.catalina.core.DefaultInstanceManager.loadClassMaybePrivileged(DefaultInstanceManager.java:477)
	at org.apache.catalina.core.DefaultInstanceManager.newInstance(DefaultInstanceManager.java:113)
	at org.apache.catalina.core.StandardContext.listenerStart(StandardContext.java:5026)
	at org.apache.catalina.core.StandardContext.startInternal(StandardContext.java:5633)
	at org.apache.catalina.util.LifecycleBase.start(LifecycleBase.java:145)
	at org.apache.catalina.core.ContainerBase.addChildInternal(ContainerBase.java:1009)
	at org.apache.catalina.core.ContainerBase.addChild(ContainerBase.java:985)
	at org.apache.catalina.core.StandardHost.addChild(StandardHost.java:652)
	at org.apache.catalina.startup.HostConfig.deployDirectory(HostConfig.java:1296)
	at org.apache.catalina.startup.HostConfig$DeployDirectory.run(HostConfig.java:2038)
	at java.util.concurrent.Executors$RunnableAdapter.call(Executors.java:511)
	at java.util.concurrent.FutureTask.run(FutureTask.java:266)
	at java.util.concurrent.ThreadPoolExecutor.runWorker(ThreadPoolExecutor.java:1149)
	at java.util.concurrent.ThreadPoolExecutor$Worker.run(ThreadPoolExecutor.java:624)
	at java.lang.Thread.run(Thread.java:748)

Oct 23, 2017 5:57:19 PM org.apache.catalina.core.StandardContext listenerStart
SEVERE: Skipped installing application listeners due to previous error(s)
Oct 23, 2017 5:58:48 PM org.apache.catalina.core.StandardContext listenerStart
SEVERE: Error configuring application listener of class listeners.ContextListener
java.lang.ClassNotFoundException: listeners.ContextListener
	at org.apache.catalina.loader.WebappClassLoaderBase.loadClass(WebappClassLoaderBase.java:1892)
	at org.apache.catalina.loader.WebappClassLoaderBase.loadClass(WebappClassLoaderBase.java:1735)
	at org.apache.catalina.core.DefaultInstanceManager.loadClass(DefaultInstanceManager.java:495)
	at org.apache.catalina.core.DefaultInstanceManager.loadClassMaybePrivileged(DefaultInstanceManager.java:477)
	at org.apache.catalina.core.DefaultInstanceManager.newInstance(DefaultInstanceManager.java:113)
	at org.apache.catalina.core.StandardContext.listenerStart(StandardContext.java:5026)
	at org.apache.catalina.core.StandardContext.startInternal(StandardContext.java:5633)
	at org.apache.catalina.util.LifecycleBase.start(LifecycleBase.java:145)
	at org.apache.catalina.core.ContainerBase.addChildInternal(ContainerBase.java:1009)
	at org.apache.catalina.core.ContainerBase.addChild(ContainerBase.java:985)
	at org.apache.catalina.core.StandardHost.addChild(StandardHost.java:652)
	at org.apache.catalina.startup.HostConfig.deployDirectory(HostConfig.java:1296)
	at org.apache.catalina.startup.HostConfig$DeployDirectory.run(HostConfig.java:2038)
	at java.util.concurrent.Executors$RunnableAdapter.call(Executors.java:511)
	at java.util.concurrent.FutureTask.run(FutureTask.java:266)
	at java.util.concurrent.ThreadPoolExecutor.runWorker(ThreadPoolExecutor.java:1149)
	at java.util.concurrent.ThreadPoolExecutor$Worker.run(ThreadPoolExecutor.java:624)
	at java.lang.Thread.run(Thread.java:748)

Oct 23, 2017 5:58:48 PM org.apache.catalina.core.StandardContext listenerStart
SEVERE: Error configuring application listener of class listeners.SessionListener
java.lang.ClassNotFoundException: listeners.SessionListener
	at org.apache.catalina.loader.WebappClassLoaderBase.loadClass(WebappClassLoaderBase.java:1892)
	at org.apache.catalina.loader.WebappClassLoaderBase.loadClass(WebappClassLoaderBase.java:1735)
	at org.apache.catalina.core.DefaultInstanceManager.loadClass(DefaultInstanceManager.java:495)
	at org.apache.catalina.core.DefaultInstanceManager.loadClassMaybePrivileged(DefaultInstanceManager.java:477)
	at org.apache.catalina.core.DefaultInstanceManager.newInstance(DefaultInstanceManager.java:113)
	at org.apache.catalina.core.StandardContext.listenerStart(StandardContext.java:5026)
	at org.apache.catalina.core.StandardContext.startInternal(StandardContext.java:5633)
	at org.apache.catalina.util.LifecycleBase.start(LifecycleBase.java:145)
	at org.apache.catalina.core.ContainerBase.addChildInternal(ContainerBase.java:1009)
	at org.apache.catalina.core.ContainerBase.addChild(ContainerBase.java:985)
	at org.apache.catalina.core.StandardHost.addChild(StandardHost.java:652)
	at org.apache.catalina.startup.HostConfig.deployDirectory(HostConfig.java:1296)
	at org.apache.catalina.startup.HostConfig$DeployDirectory.run(HostConfig.java:2038)
	at java.util.concurrent.Executors$RunnableAdapter.call(Executors.java:511)
	at java.util.concurrent.FutureTask.run(FutureTask.java:266)
	at java.util.concurrent.ThreadPoolExecutor.runWorker(ThreadPoolExecutor.java:1149)
	at java.util.concurrent.ThreadPoolExecutor$Worker.run(ThreadPoolExecutor.java:624)
	at java.lang.Thread.run(Thread.java:748)

Oct 23, 2017 5:58:48 PM org.apache.catalina.core.StandardContext listenerStart
SEVERE: Error configuring application listener of class websocket.drawboard.DrawboardContextListener
java.lang.ClassNotFoundException: websocket.drawboard.DrawboardContextListener
	at org.apache.catalina.loader.WebappClassLoaderBase.loadClass(WebappClassLoaderBase.java:1892)
	at org.apache.catalina.loader.WebappClassLoaderBase.loadClass(WebappClassLoaderBase.java:1735)
	at org.apache.catalina.core.DefaultInstanceManager.loadClass(DefaultInstanceManager.java:495)
	at org.apache.catalina.core.DefaultInstanceManager.loadClassMaybePrivileged(DefaultInstanceManager.java:477)
	at org.apache.catalina.core.DefaultInstanceManager.newInstance(DefaultInstanceManager.java:113)
	at org.apache.catalina.core.StandardContext.listenerStart(StandardContext.java:5026)
	at org.apache.catalina.core.StandardContext.startInternal(StandardContext.java:5633)
	at org.apache.catalina.util.LifecycleBase.start(LifecycleBase.java:145)
	at org.apache.catalina.core.ContainerBase.addChildInternal(ContainerBase.java:1009)
	at org.apache.catalina.core.ContainerBase.addChild(ContainerBase.java:985)
	at org.apache.catalina.core.StandardHost.addChild(StandardHost.java:652)
	at org.apache.catalina.startup.HostConfig.deployDirectory(HostConfig.java:1296)
	at org.apache.catalina.startup.HostConfig$DeployDirectory.run(HostConfig.java:2038)
	at java.util.concurrent.Executors$RunnableAdapter.call(Executors.java:511)
	at java.util.concurrent.FutureTask.run(FutureTask.java:266)
	at java.util.concurrent.ThreadPoolExecutor.runWorker(ThreadPoolExecutor.java:1149)
	at java.util.concurrent.ThreadPoolExecutor$Worker.run(ThreadPoolExecutor.java:624)
	at java.lang.Thread.run(Thread.java:748)

Oct 23, 2017 5:58:48 PM org.apache.catalina.core.StandardContext listenerStart
SEVERE: Skipped installing application listeners due to previous error(s)
